[1.654s] Invoking command in '/home/ros2/ros2_gazebo_ws/src/dirigible_control': PYTHONPATH=/home/ros2/ros2_gazebo_ws/build/dirigible_control/prefix_override:/usr/lib/python3/dist-packages/colcon_core/task/python/colcon_distutils_commands:/home/ros2/ros2_gazebo_ws/install/dirigible_control/lib/python3.10/site-packages:${PYTHONPATH} ROS_DOMAIN_ID=22 /usr/bin/python3 -W ignore:setup.py install is deprecated -W ignore:easy_install command is deprecated setup.py egg_info --egg-base ../../build/dirigible_control build --build-base /home/ros2/ros2_gazebo_ws/build/dirigible_control/build install --record /home/ros2/ros2_gazebo_ws/build/dirigible_control/install.log --single-version-externally-managed install_data
[2.014s] running egg_info
[2.016s] writing ../../build/dirigible_control/dirigible_control.egg-info/PKG-INFO
[2.016s] writing dependency_links to ../../build/dirigible_control/dirigible_control.egg-info/dependency_links.txt
[2.016s] writing entry points to ../../build/dirigible_control/dirigible_control.egg-info/entry_points.txt
[2.017s] writing requirements to ../../build/dirigible_control/dirigible_control.egg-info/requires.txt
[2.017s] writing top-level names to ../../build/dirigible_control/dirigible_control.egg-info/top_level.txt
[2.019s] reading manifest file '../../build/dirigible_control/dirigible_control.egg-info/SOURCES.txt'
[2.021s] writing manifest file '../../build/dirigible_control/dirigible_control.egg-info/SOURCES.txt'
[2.021s] running build
[2.021s] running build_py
[2.021s] running install
[2.022s] running install_lib
[2.023s] running install_data
[2.023s] running install_egg_info
[2.025s] Copying ../../build/dirigible_control/dirigible_control.egg-info to /home/ros2/ros2_gazebo_ws/install/dirigible_control/lib/python3.10/site-packages/dirigible_control-0.0.1-py3.10.egg-info
[2.027s] running install_scripts
[2.053s] Installing dirigible_controller script to /home/ros2/ros2_gazebo_ws/install/dirigible_control/lib/dirigible_control
[2.053s] Installing train_dqn script to /home/ros2/ros2_gazebo_ws/install/dirigible_control/lib/dirigible_control
[2.054s] writing list of installed files to '/home/ros2/ros2_gazebo_ws/build/dirigible_control/install.log'
[2.096s] Invoked command in '/home/ros2/ros2_gazebo_ws/src/dirigible_control' returned '0': PYTHONPATH=/home/ros2/ros2_gazebo_ws/build/dirigible_control/prefix_override:/usr/lib/python3/dist-packages/colcon_core/task/python/colcon_distutils_commands:/home/ros2/ros2_gazebo_ws/install/dirigible_control/lib/python3.10/site-packages:${PYTHONPATH} ROS_DOMAIN_ID=22 /usr/bin/python3 -W ignore:setup.py install is deprecated -W ignore:easy_install command is deprecated setup.py egg_info --egg-base ../../build/dirigible_control build --build-base /home/ros2/ros2_gazebo_ws/build/dirigible_control/build install --record /home/ros2/ros2_gazebo_ws/build/dirigible_control/install.log --single-version-externally-managed install_data
