[2.381s] DEBUG:colcon:Command line arguments: ['/usr/bin/colcon', 'build']
[2.382s] DEBUG:colcon:Parsed command line arguments: Namespace(log_base=None, log_level=None, verb_name='build', build_base='build', install_base='install', merge_install=False, symlink_install=False, test_result_base=None, continue_on_error=False, executor='parallel', parallel_workers=8, event_handlers=None, ignore_user_meta=False, metas=['./colcon.meta'], base_paths=['.'], packages_ignore=None, packages_ignore_regex=None, paths=None, packages_up_to=None, packages_up_to_regex=None, packages_above=None, packages_above_and_dependencies=None, packages_above_depth=None, packages_select_by_dep=None, packages_skip_by_dep=None, packages_skip_up_to=None, packages_select_build_failed=False, packages_skip_build_finished=False, packages_select_test_failures=False, packages_skip_test_passed=False, packages_select=None, packages_skip=None, packages_select_regex=None, packages_skip_regex=None, packages_start=None, packages_end=None, allow_overriding=[], bazel_args=None, bazel_task=None, cmake_args=None, cmake_target=None, cmake_target_skip_unavailable=False, cmake_clean_cache=False, cmake_clean_first=False, cmake_force_configure=False, meson_args=[], ament_cmake_args=None, catkin_cmake_args=None, catkin_skip_building_tests=False, mixin_files=None, mixin=None, verb_parser=<colcon_alias.argument_parser.alias.AliasArgumentDecorator object at 0x7f5959254bb0>, verb_extension=<colcon_core.verb.build.BuildVerb object at 0x7f595941ff10>, main=<bound method BuildVerb.main of <colcon_core.verb.build.BuildVerb object at 0x7f595941ff10>>, mixin_verb=('build',))
[3.015s] Level 1:colcon.colcon_core.package_discovery:discover_packages(colcon_meta) check parameters
[3.015s] Level 1:colcon.colcon_core.package_discovery:discover_packages(recursive) check parameters
[3.016s] Level 1:colcon.colcon_core.package_discovery:discover_packages(ignore) check parameters
[3.016s] Level 1:colcon.colcon_core.package_discovery:discover_packages(path) check parameters
[3.016s] Level 1:colcon.colcon_core.package_discovery:discover_packages(colcon_meta) discover
[3.016s] Level 1:colcon.colcon_core.package_discovery:discover_packages(recursive) discover
[3.016s] INFO:colcon.colcon_core.package_discovery:Crawling recursively for packages in '/home/ros2/ros2_gazebo_ws'
[3.016s] Level 1:colcon.colcon_core.package_identification:_identify(.) by extensions ['ignore', 'ignore_ament_install']
[3.016s] Level 1:colcon.colcon_core.package_identification:_identify(.) by extension 'ignore'
[3.016s] Level 1:colcon.colcon_core.package_identification:_identify(.) by extension 'ignore_ament_install'
[3.016s] Level 1:colcon.colcon_core.package_identification:_identify(.) by extensions ['colcon_pkg']
[3.016s] Level 1:colcon.colcon_core.package_identification:_identify(.) by extension 'colcon_pkg'
[3.016s] Level 1:colcon.colcon_core.package_identification:_identify(.) by extensions ['colcon_meta']
[3.016s] Level 1:colcon.colcon_core.package_identification:_identify(.) by extension 'colcon_meta'
[3.016s] Level 1:colcon.colcon_core.package_identification:_identify(.) by extensions ['ros']
[3.017s] Level 1:colcon.colcon_core.package_identification:_identify(.) by extension 'ros'
[3.026s] Level 1:colcon.colcon_core.package_identification:_identify(.) by extensions ['bazel', 'cmake', 'meson', 'python']
[3.026s] Level 1:colcon.colcon_core.package_identification:_identify(.) by extension 'bazel'
[3.026s] Level 1:colcon.colcon_core.package_identification:_identify(.) by extension 'cmake'
[3.026s] Level 1:colcon.colcon_core.package_identification:_identify(.) by extension 'meson'
[3.026s] Level 1:colcon.colcon_core.package_identification:_identify(.) by extension 'python'
[3.027s] Level 1:colcon.colcon_core.package_identification:_identify(.) by extensions ['python_setup_py']
[3.027s] Level 1:colcon.colcon_core.package_identification:_identify(.) by extension 'python_setup_py'
[3.027s] Level 1:colcon.colcon_core.package_identification:_identify(build) by extensions ['ignore', 'ignore_ament_install']
[3.027s] Level 1:colcon.colcon_core.package_identification:_identify(build) by extension 'ignore'
[3.028s] Level 1:colcon.colcon_core.package_identification:_identify(build) ignored
[3.028s] Level 1:colcon.colcon_core.package_identification:_identify(install) by extensions ['ignore', 'ignore_ament_install']
[3.029s] Level 1:colcon.colcon_core.package_identification:_identify(install) by extension 'ignore'
[3.029s] Level 1:colcon.colcon_core.package_identification:_identify(install) ignored
[3.029s] Level 1:colcon.colcon_core.package_identification:_identify(log) by extensions ['ignore', 'ignore_ament_install']
[3.030s] Level 1:colcon.colcon_core.package_identification:_identify(log) by extension 'ignore'
[3.030s] Level 1:colcon.colcon_core.package_identification:_identify(log) ignored
[3.030s] Level 1:colcon.colcon_core.package_identification:_identify(src) by extensions ['ignore', 'ignore_ament_install']
[3.030s] Level 1:colcon.colcon_core.package_identification:_identify(src) by extension 'ignore'
[3.031s] Level 1:colcon.colcon_core.package_identification:_identify(src) by extension 'ignore_ament_install'
[3.031s] Level 1:colcon.colcon_core.package_identification:_identify(src) by extensions ['colcon_pkg']
[3.031s] Level 1:colcon.colcon_core.package_identification:_identify(src) by extension 'colcon_pkg'
[3.031s] Level 1:colcon.colcon_core.package_identification:_identify(src) by extensions ['colcon_meta']
[3.031s] Level 1:colcon.colcon_core.package_identification:_identify(src) by extension 'colcon_meta'
[3.031s] Level 1:colcon.colcon_core.package_identification:_identify(src) by extensions ['ros']
[3.031s] Level 1:colcon.colcon_core.package_identification:_identify(src) by extension 'ros'
[3.032s] Level 1:colcon.colcon_core.package_identification:_identify(src) by extensions ['bazel', 'cmake', 'meson', 'python']
[3.032s] Level 1:colcon.colcon_core.package_identification:_identify(src) by extension 'bazel'
[3.032s] Level 1:colcon.colcon_core.package_identification:_identify(src) by extension 'cmake'
[3.032s] Level 1:colcon.colcon_core.package_identification:_identify(src) by extension 'meson'
[3.032s] Level 1:colcon.colcon_core.package_identification:_identify(src) by extension 'python'
[3.032s] Level 1:colcon.colcon_core.package_identification:_identify(src) by extensions ['python_setup_py']
[3.032s] Level 1:colcon.colcon_core.package_identification:_identify(src) by extension 'python_setup_py'
[3.033s] Level 1:colcon.colcon_core.package_identification:_identify(src/dirigible_control) by extensions ['ignore', 'ignore_ament_install']
[3.037s] Level 1:colcon.colcon_core.package_identification:_identify(src/dirigible_control) by extension 'ignore'
[3.039s] Level 1:colcon.colcon_core.package_identification:_identify(src/dirigible_control) by extension 'ignore_ament_install'
[3.040s] Level 1:colcon.colcon_core.package_identification:_identify(src/dirigible_control) by extensions ['colcon_pkg']
[3.040s] Level 1:colcon.colcon_core.package_identification:_identify(src/dirigible_control) by extension 'colcon_pkg'
[3.040s] Level 1:colcon.colcon_core.package_identification:_identify(src/dirigible_control) by extensions ['colcon_meta']
[3.040s] Level 1:colcon.colcon_core.package_identification:_identify(src/dirigible_control) by extension 'colcon_meta'
[3.040s] Level 1:colcon.colcon_core.package_identification:_identify(src/dirigible_control) by extensions ['ros']
[3.043s] Level 1:colcon.colcon_core.package_identification:_identify(src/dirigible_control) by extension 'ros'
[3.053s] DEBUG:colcon.colcon_core.package_identification:Package 'src/dirigible_control' with type 'ros.ament_python' and name 'dirigible_control'
[3.054s] Level 1:colcon.colcon_core.package_discovery:discover_packages(recursive) using defaults
[3.054s] Level 1:colcon.colcon_core.package_discovery:discover_packages(ignore) discover
[3.055s] Level 1:colcon.colcon_core.package_discovery:discover_packages(ignore) using defaults
[3.056s] Level 1:colcon.colcon_core.package_discovery:discover_packages(path) discover
[3.056s] Level 1:colcon.colcon_core.package_discovery:discover_packages(path) using defaults
[3.115s] Level 1:colcon.colcon_core.package_discovery:discover_packages(prefix_path) check parameters
[3.115s] Level 1:colcon.colcon_core.package_discovery:discover_packages(prefix_path) discover
[3.123s] DEBUG:colcon.colcon_installed_package_information.package_discovery:Found 1 installed packages in /home/ros2/ros2_gazebo_ws/install
[3.125s] DEBUG:colcon.colcon_installed_package_information.package_discovery:Found 4 installed packages in /home/ros2/ros2_ws/install
[3.138s] DEBUG:colcon.colcon_installed_package_information.package_discovery:Found 309 installed packages in /opt/ros/humble
[3.143s] Level 1:colcon.colcon_core.package_discovery:discover_packages(prefix_path) using defaults
[3.335s] Level 5:colcon.colcon_core.verb:set package 'dirigible_control' build argument 'bazel_args' from command line to 'None'
[3.335s] Level 5:colcon.colcon_core.verb:set package 'dirigible_control' build argument 'bazel_task' from command line to 'None'
[3.335s] Level 5:colcon.colcon_core.verb:set package 'dirigible_control' build argument 'cmake_args' from command line to 'None'
[3.335s] Level 5:colcon.colcon_core.verb:set package 'dirigible_control' build argument 'cmake_target' from command line to 'None'
[3.336s] Level 5:colcon.colcon_core.verb:set package 'dirigible_control' build argument 'cmake_target_skip_unavailable' from command line to 'False'
[3.336s] Level 5:colcon.colcon_core.verb:set package 'dirigible_control' build argument 'cmake_clean_cache' from command line to 'False'
[3.336s] Level 5:colcon.colcon_core.verb:set package 'dirigible_control' build argument 'cmake_clean_first' from command line to 'False'
[3.336s] Level 5:colcon.colcon_core.verb:set package 'dirigible_control' build argument 'cmake_force_configure' from command line to 'False'
[3.336s] Level 5:colcon.colcon_core.verb:set package 'dirigible_control' build argument 'meson_args' from command line to '[]'
[3.336s] Level 5:colcon.colcon_core.verb:set package 'dirigible_control' build argument 'ament_cmake_args' from command line to 'None'
[3.336s] Level 5:colcon.colcon_core.verb:set package 'dirigible_control' build argument 'catkin_cmake_args' from command line to 'None'
[3.336s] Level 5:colcon.colcon_core.verb:set package 'dirigible_control' build argument 'catkin_skip_building_tests' from command line to 'False'
[3.336s] DEBUG:colcon.colcon_core.verb:Building package 'dirigible_control' with the following arguments: {'ament_cmake_args': None, 'bazel_args': None, 'bazel_task': None, 'build_base': '/home/ros2/ros2_gazebo_ws/build/dirigible_control', 'catkin_cmake_args': None, 'catkin_skip_building_tests': False, 'cmake_args': None, 'cmake_clean_cache': False, 'cmake_clean_first': False, 'cmake_force_configure': False, 'cmake_target': None, 'cmake_target_skip_unavailable': False, 'install_base': '/home/ros2/ros2_gazebo_ws/install/dirigible_control', 'merge_install': False, 'meson_args': [], 'path': '/home/ros2/ros2_gazebo_ws/src/dirigible_control', 'symlink_install': False, 'test_result_base': None}
[3.336s] INFO:colcon.colcon_core.executor:Executing jobs using 'parallel' executor
[3.344s] DEBUG:colcon.colcon_parallel_executor.executor.parallel:run_until_complete
[3.345s] INFO:colcon.colcon_ros.task.ament_python.build:Building ROS package in '/home/ros2/ros2_gazebo_ws/src/dirigible_control' with build type 'ament_python'
[3.345s] Level 1:colcon.colcon_core.shell:create_environment_hook('dirigible_control', 'ament_prefix_path')
[3.356s] INFO:colcon.colcon_core.plugin_system:Skipping extension 'colcon_core.shell.bat': Not used on non-Windows systems
[3.357s] INFO:colcon.colcon_core.shell:Creating environment hook '/home/ros2/ros2_gazebo_ws/install/dirigible_control/share/dirigible_control/hook/ament_prefix_path.ps1'
[3.361s] INFO:colcon.colcon_core.shell:Creating environment descriptor '/home/ros2/ros2_gazebo_ws/install/dirigible_control/share/dirigible_control/hook/ament_prefix_path.dsv'
[3.364s] INFO:colcon.colcon_core.shell:Creating environment hook '/home/ros2/ros2_gazebo_ws/install/dirigible_control/share/dirigible_control/hook/ament_prefix_path.sh'
[3.368s] DEBUG:colcon.colcon_ros_domain_id_coordinator.shell.ros_domain_id:Allocated ROS_DOMAIN_ID=14 for '/home/ros2/ros2_gazebo_ws/build/dirigible_control'
[3.368s] INFO:colcon.colcon_core.shell:Skip shell extension 'ros_domain_id' for command environment: 
[3.369s] INFO:colcon.colcon_core.shell:Skip shell extension 'powershell' for command environment: Not usable outside of PowerShell
[3.369s] DEBUG:colcon.colcon_core.shell:Skip shell extension 'dsv' for command environment
[4.386s] INFO:colcon.colcon_core.task.python.build:Building Python package in '/home/ros2/ros2_gazebo_ws/src/dirigible_control'
[4.387s] DEBUG:colcon.colcon_ros_domain_id_coordinator.shell.ros_domain_id:Allocated ROS_DOMAIN_ID=14 for '/home/ros2/ros2_gazebo_ws/build/dirigible_control'
[4.387s] INFO:colcon.colcon_core.shell:Skip shell extension 'ros_domain_id' for command environment: 
[4.387s] INFO:colcon.colcon_core.shell:Skip shell extension 'powershell' for command environment: Not usable outside of PowerShell
[4.387s] DEBUG:colcon.colcon_core.shell:Skip shell extension 'dsv' for command environment
[5.702s] DEBUG:colcon.colcon_core.event_handler.log_command:Invoking command in '/home/ros2/ros2_gazebo_ws/src/dirigible_control': PYTHONPATH=/home/ros2/ros2_gazebo_ws/build/dirigible_control/prefix_override:/usr/lib/python3/dist-packages/colcon_core/task/python/colcon_distutils_commands:/home/ros2/ros2_gazebo_ws/install/dirigible_control/lib/python3.10/site-packages:${PYTHONPATH} /usr/bin/python3 -W ignore:setup.py install is deprecated -W ignore:easy_install command is deprecated setup.py egg_info --egg-base ../../build/dirigible_control build --build-base /home/ros2/ros2_gazebo_ws/build/dirigible_control/build install --record /home/ros2/ros2_gazebo_ws/build/dirigible_control/install.log --single-version-externally-managed install_data
[6.784s] Level 1:colcon.colcon_core.environment:checking '/home/ros2/ros2_gazebo_ws/install/dirigible_control' for CMake module files
[6.784s] Level 1:colcon.colcon_core.environment:checking '/home/ros2/ros2_gazebo_ws/install/dirigible_control' for CMake config files
[6.785s] Level 1:colcon.colcon_core.environment:checking '/home/ros2/ros2_gazebo_ws/install/dirigible_control/lib'
[6.785s] Level 1:colcon.colcon_core.environment:checking '/home/ros2/ros2_gazebo_ws/install/dirigible_control/bin'
[6.786s] Level 1:colcon.colcon_core.environment:checking '/home/ros2/ros2_gazebo_ws/install/dirigible_control/lib/pkgconfig/dirigible_control.pc'
[6.786s] Level 1:colcon.colcon_core.environment:checking '/home/ros2/ros2_gazebo_ws/install/dirigible_control/lib/python3.10/site-packages'
[6.786s] Level 1:colcon.colcon_core.shell:create_environment_hook('dirigible_control', 'pythonpath')
[6.786s] INFO:colcon.colcon_core.shell:Creating environment hook '/home/ros2/ros2_gazebo_ws/install/dirigible_control/share/dirigible_control/hook/pythonpath.ps1'
[6.787s] INFO:colcon.colcon_core.shell:Creating environment descriptor '/home/ros2/ros2_gazebo_ws/install/dirigible_control/share/dirigible_control/hook/pythonpath.dsv'
[6.789s] DEBUG:colcon.colcon_core.event_handler.log_command:Invoked command in '/home/ros2/ros2_gazebo_ws/src/dirigible_control' returned '0': PYTHONPATH=/home/ros2/ros2_gazebo_ws/build/dirigible_control/prefix_override:/usr/lib/python3/dist-packages/colcon_core/task/python/colcon_distutils_commands:/home/ros2/ros2_gazebo_ws/install/dirigible_control/lib/python3.10/site-packages:${PYTHONPATH} /usr/bin/python3 -W ignore:setup.py install is deprecated -W ignore:easy_install command is deprecated setup.py egg_info --egg-base ../../build/dirigible_control build --build-base /home/ros2/ros2_gazebo_ws/build/dirigible_control/build install --record /home/ros2/ros2_gazebo_ws/build/dirigible_control/install.log --single-version-externally-managed install_data
[6.791s] INFO:colcon.colcon_core.shell:Creating environment hook '/home/ros2/ros2_gazebo_ws/install/dirigible_control/share/dirigible_control/hook/pythonpath.sh'
[6.792s] Level 1:colcon.colcon_core.environment:checking '/home/ros2/ros2_gazebo_ws/install/dirigible_control/bin'
[6.792s] Level 1:colcon.colcon_core.environment:create_environment_scripts_only(dirigible_control)
[6.793s] INFO:colcon.colcon_core.shell:Creating package script '/home/ros2/ros2_gazebo_ws/install/dirigible_control/share/dirigible_control/package.ps1'
[6.794s] INFO:colcon.colcon_core.shell:Creating package descriptor '/home/ros2/ros2_gazebo_ws/install/dirigible_control/share/dirigible_control/package.dsv'
[6.795s] INFO:colcon.colcon_core.shell:Creating package script '/home/ros2/ros2_gazebo_ws/install/dirigible_control/share/dirigible_control/package.sh'
[6.797s] INFO:colcon.colcon_core.shell:Creating package script '/home/ros2/ros2_gazebo_ws/install/dirigible_control/share/dirigible_control/package.bash'
[6.799s] INFO:colcon.colcon_core.shell:Creating package script '/home/ros2/ros2_gazebo_ws/install/dirigible_control/share/dirigible_control/package.zsh'
[6.801s] Level 1:colcon.colcon_core.environment:create_file_with_runtime_dependencies(/home/ros2/ros2_gazebo_ws/install/dirigible_control/share/colcon-core/packages/dirigible_control)
[6.803s] DEBUG:colcon.colcon_ros_domain_id_coordinator.shell.ros_domain_id:Released ROS_DOMAIN_ID=14 for '/home/ros2/ros2_gazebo_ws/build/dirigible_control'
[6.807s] DEBUG:colcon.colcon_parallel_executor.executor.parallel:closing loop
[6.808s] DEBUG:colcon.colcon_parallel_executor.executor.parallel:loop closed
[6.808s] DEBUG:colcon.colcon_parallel_executor.executor.parallel:run_until_complete finished with '0'
[6.809s] DEBUG:colcon.colcon_core.event_reactor:joining thread
[6.880s] INFO:colcon.colcon_core.plugin_system:Skipping extension 'colcon_notification.desktop_notification.notify_send': Could not find 'notify-send'
[6.880s] INFO:colcon.colcon_core.plugin_system:Skipping extension 'colcon_notification.desktop_notification.terminal_notifier': Not used on non-Darwin systems
[6.881s] INFO:colcon.colcon_core.plugin_system:Skipping extension 'colcon_notification.desktop_notification.win32': Not used on non-Windows systems
[6.881s] INFO:colcon.colcon_notification.desktop_notification:Sending desktop notification using 'notify2'
[6.884s] DEBUG:colcon.colcon_notification.desktop_notification.notify2:Failed to initialize notify2: org.freedesktop.DBus.Error.ServiceUnknown: The name org.freedesktop.Notifications was not provided by any .service files
[6.884s] DEBUG:colcon.colcon_core.event_reactor:joined thread
[6.884s] INFO:colcon.colcon_core.shell:Creating prefix script '/home/ros2/ros2_gazebo_ws/install/local_setup.ps1'
[6.886s] INFO:colcon.colcon_core.shell:Creating prefix util module '/home/ros2/ros2_gazebo_ws/install/_local_setup_util_ps1.py'
[6.892s] INFO:colcon.colcon_core.shell:Creating prefix chain script '/home/ros2/ros2_gazebo_ws/install/setup.ps1'
[6.896s] INFO:colcon.colcon_core.shell:Creating prefix script '/home/ros2/ros2_gazebo_ws/install/local_setup.sh'
[6.899s] INFO:colcon.colcon_core.shell:Creating prefix util module '/home/ros2/ros2_gazebo_ws/install/_local_setup_util_sh.py'
[6.902s] INFO:colcon.colcon_core.shell:Creating prefix chain script '/home/ros2/ros2_gazebo_ws/install/setup.sh'
[6.908s] INFO:colcon.colcon_core.shell:Creating prefix script '/home/ros2/ros2_gazebo_ws/install/local_setup.bash'
[6.910s] INFO:colcon.colcon_core.shell:Creating prefix chain script '/home/ros2/ros2_gazebo_ws/install/setup.bash'
[6.915s] INFO:colcon.colcon_core.shell:Creating prefix script '/home/ros2/ros2_gazebo_ws/install/local_setup.zsh'
[6.917s] INFO:colcon.colcon_core.shell:Creating prefix chain script '/home/ros2/ros2_gazebo_ws/install/setup.zsh'
[6.921s] INFO:colcon.colcon_core.shell:Creating '/home/ros2/ros2_gazebo_ws/install/spawn_shell.bash'
