[2.123s] Invoking command in '/home/ros2/ros2_gazebo_ws/src/dirigible_control': PYTHONPATH=/home/ros2/ros2_gazebo_ws/build/dirigible_control/prefix_override:/usr/lib/python3/dist-packages/colcon_core/task/python/colcon_distutils_commands:/home/ros2/ros2_gazebo_ws/install/dirigible_control/lib/python3.10/site-packages:${PYTHONPATH} /usr/bin/python3 -W ignore:setup.py install is deprecated -W ignore:easy_install command is deprecated setup.py egg_info --egg-base ../../build/dirigible_control build --build-base /home/ros2/ros2_gazebo_ws/build/dirigible_control/build install --record /home/ros2/ros2_gazebo_ws/build/dirigible_control/install.log --single-version-externally-managed install_data
[2.460s] running egg_info
[2.461s] writing ../../build/dirigible_control/dirigible_control.egg-info/PKG-INFO
[2.462s] writing dependency_links to ../../build/dirigible_control/dirigible_control.egg-info/dependency_links.txt
[2.462s] writing entry points to ../../build/dirigible_control/dirigible_control.egg-info/entry_points.txt
[2.462s] writing requirements to ../../build/dirigible_control/dirigible_control.egg-info/requires.txt
[2.463s] writing top-level names to ../../build/dirigible_control/dirigible_control.egg-info/top_level.txt
[2.465s] reading manifest file '../../build/dirigible_control/dirigible_control.egg-info/SOURCES.txt'
[2.467s] writing manifest file '../../build/dirigible_control/dirigible_control.egg-info/SOURCES.txt'
[2.467s] running build
[2.467s] running build_py
[2.469s] running install
[2.470s] running install_lib
[2.473s] running install_data
[2.475s] running install_egg_info
[2.477s] removing '/home/ros2/ros2_gazebo_ws/install/dirigible_control/lib/python3.10/site-packages/dirigible_control-0.0.0-py3.10.egg-info' (and everything under it)
[2.477s] Copying ../../build/dirigible_control/dirigible_control.egg-info to /home/ros2/ros2_gazebo_ws/install/dirigible_control/lib/python3.10/site-packages/dirigible_control-0.0.0-py3.10.egg-info
[2.480s] running install_scripts
[2.505s] Installing dirigible_controller script to /home/ros2/ros2_gazebo_ws/install/dirigible_control/lib/dirigible_control
[2.506s] writing list of installed files to '/home/ros2/ros2_gazebo_ws/build/dirigible_control/install.log'
[2.606s] Invoked command in '/home/ros2/ros2_gazebo_ws/src/dirigible_control' returned '0': PYTHONPATH=/home/ros2/ros2_gazebo_ws/build/dirigible_control/prefix_override:/usr/lib/python3/dist-packages/colcon_core/task/python/colcon_distutils_commands:/home/ros2/ros2_gazebo_ws/install/dirigible_control/lib/python3.10/site-packages:${PYTHONPATH} /usr/bin/python3 -W ignore:setup.py install is deprecated -W ignore:easy_install command is deprecated setup.py egg_info --egg-base ../../build/dirigible_control build --build-base /home/ros2/ros2_gazebo_ws/build/dirigible_control/build install --record /home/ros2/ros2_gazebo_ws/build/dirigible_control/install.log --single-version-externally-managed install_data
