[5.361s] Invoking command in '/home/ros2/ros2_gazebo_ws/src/dirigible_control': PYTHONPATH=/home/ros2/ros2_gazebo_ws/build/dirigible_control/prefix_override:/usr/lib/python3/dist-packages/colcon_core/task/python/colcon_distutils_commands:/home/ros2/ros2_gazebo_ws/install/dirigible_control/lib/python3.10/site-packages:${PYTHONPATH} /usr/bin/python3 -W ignore:setup.py install is deprecated -W ignore:easy_install command is deprecated setup.py egg_info --egg-base ../../build/dirigible_control build --build-base /home/ros2/ros2_gazebo_ws/build/dirigible_control/build install --record /home/ros2/ros2_gazebo_ws/build/dirigible_control/install.log --single-version-externally-managed install_data
[6.765s] running egg_info
[6.766s] writing ../../build/dirigible_control/dirigible_control.egg-info/PKG-INFO
[6.766s] writing dependency_links to ../../build/dirigible_control/dirigible_control.egg-info/dependency_links.txt
[6.767s] writing entry points to ../../build/dirigible_control/dirigible_control.egg-info/entry_points.txt
[6.769s] writing requirements to ../../build/dirigible_control/dirigible_control.egg-info/requires.txt
[6.769s] writing top-level names to ../../build/dirigible_control/dirigible_control.egg-info/top_level.txt
[6.783s] reading manifest file '../../build/dirigible_control/dirigible_control.egg-info/SOURCES.txt'
[6.787s] writing manifest file '../../build/dirigible_control/dirigible_control.egg-info/SOURCES.txt'
[6.787s] running build
[6.787s] running build_py
[6.788s] running install
[6.789s] running install_lib
[6.793s] running install_data
[6.794s] running install_egg_info
[6.800s] removing '/home/ros2/ros2_gazebo_ws/install/dirigible_control/lib/python3.10/site-packages/dirigible_control-0.0.0-py3.10.egg-info' (and everything under it)
[6.802s] Copying ../../build/dirigible_control/dirigible_control.egg-info to /home/ros2/ros2_gazebo_ws/install/dirigible_control/lib/python3.10/site-packages/dirigible_control-0.0.0-py3.10.egg-info
[6.817s] running install_scripts
[6.896s] Installing dirigible_controller script to /home/ros2/ros2_gazebo_ws/install/dirigible_control/lib/dirigible_control
[6.900s] writing list of installed files to '/home/ros2/ros2_gazebo_ws/build/dirigible_control/install.log'
[7.149s] Invoked command in '/home/ros2/ros2_gazebo_ws/src/dirigible_control' returned '0': PYTHONPATH=/home/ros2/ros2_gazebo_ws/build/dirigible_control/prefix_override:/usr/lib/python3/dist-packages/colcon_core/task/python/colcon_distutils_commands:/home/ros2/ros2_gazebo_ws/install/dirigible_control/lib/python3.10/site-packages:${PYTHONPATH} /usr/bin/python3 -W ignore:setup.py install is deprecated -W ignore:easy_install command is deprecated setup.py egg_info --egg-base ../../build/dirigible_control build --build-base /home/ros2/ros2_gazebo_ws/build/dirigible_control/build install --record /home/ros2/ros2_gazebo_ws/build/dirigible_control/install.log --single-version-externally-managed install_data
