running egg_info
writing ../../build/dirigible_control/dirigible_control.egg-info/PKG-INFO
writing dependency_links to ../../build/dirigible_control/dirigible_control.egg-info/dependency_links.txt
writing entry points to ../../build/dirigible_control/dirigible_control.egg-info/entry_points.txt
writing requirements to ../../build/dirigible_control/dirigible_control.egg-info/requires.txt
writing top-level names to ../../build/dirigible_control/dirigible_control.egg-info/top_level.txt
reading manifest file '../../build/dirigible_control/dirigible_control.egg-info/SOURCES.txt'
writing manifest file '../../build/dirigible_control/dirigible_control.egg-info/SOURCES.txt'
running build
running build_py
running install
running install_lib
running install_data
copying launch/dirigible.launch.py -> /home/ros2/ros2_gazebo_ws/install/dirigible_control/share/dirigible_control/launch
copying worlds/dirigible_world.world -> /home/ros2/ros2_gazebo_ws/install/dirigible_control/share/dirigible_control/worlds
running install_egg_info
removing '/home/ros2/ros2_gazebo_ws/install/dirigible_control/lib/python3.10/site-packages/dirigible_control-0.0.0-py3.10.egg-info' (and everything under it)
Copying ../../build/dirigible_control/dirigible_control.egg-info to /home/ros2/ros2_gazebo_ws/install/dirigible_control/lib/python3.10/site-packages/dirigible_control-0.0.0-py3.10.egg-info
running install_scripts
Installing dirigible_controller script to /home/ros2/ros2_gazebo_ws/install/dirigible_control/lib/dirigible_control
writing list of installed files to '/home/ros2/ros2_gazebo_ws/build/dirigible_control/install.log'
