[1.062s] Invoking command in '/home/ros2/ros2_gazebo_ws/src/dirigible_control': PYTHONPATH=/home/ros2/ros2_gazebo_ws/build/dirigible_control/prefix_override:/usr/lib/python3/dist-packages/colcon_core/task/python/colcon_distutils_commands:/home/ros2/ros2_gazebo_ws/install/dirigible_control/lib/python3.10/site-packages:${PYTHONPATH} /usr/bin/python3 -W ignore:setup.py install is deprecated -W ignore:easy_install command is deprecated setup.py egg_info --egg-base ../../build/dirigible_control build --build-base /home/ros2/ros2_gazebo_ws/build/dirigible_control/build install --record /home/ros2/ros2_gazebo_ws/build/dirigible_control/install.log --single-version-externally-managed install_data
[1.296s] running egg_info
[1.297s] writing ../../build/dirigible_control/dirigible_control.egg-info/PKG-INFO
[1.297s] writing dependency_links to ../../build/dirigible_control/dirigible_control.egg-info/dependency_links.txt
[1.298s] writing entry points to ../../build/dirigible_control/dirigible_control.egg-info/entry_points.txt
[1.298s] writing requirements to ../../build/dirigible_control/dirigible_control.egg-info/requires.txt
[1.298s] writing top-level names to ../../build/dirigible_control/dirigible_control.egg-info/top_level.txt
[1.300s] reading manifest file '../../build/dirigible_control/dirigible_control.egg-info/SOURCES.txt'
[1.301s] writing manifest file '../../build/dirigible_control/dirigible_control.egg-info/SOURCES.txt'
[1.302s] running build
[1.302s] running build_py
[1.302s] copying dirigible_control/dirigible_controller.py -> /home/ros2/ros2_gazebo_ws/build/dirigible_control/build/lib/dirigible_control
[1.303s] running install
[1.303s] running install_lib
[1.304s] copying /home/ros2/ros2_gazebo_ws/build/dirigible_control/build/lib/dirigible_control/dirigible_controller.py -> /home/ros2/ros2_gazebo_ws/install/dirigible_control/lib/python3.10/site-packages/dirigible_control
[1.305s] byte-compiling /home/ros2/ros2_gazebo_ws/install/dirigible_control/lib/python3.10/site-packages/dirigible_control/dirigible_controller.py to dirigible_controller.cpython-310.pyc
[1.305s] running install_data
[1.306s] copying launch/dirigible.launch.py -> /home/ros2/ros2_gazebo_ws/install/dirigible_control/share/dirigible_control/launch
[1.306s] copying worlds/world_airship.world -> /home/ros2/ros2_gazebo_ws/install/dirigible_control/share/dirigible_control/worlds
[1.306s] copying worlds/dirigible_world.world -> /home/ros2/ros2_gazebo_ws/install/dirigible_control/share/dirigible_control/worlds
[1.306s] running install_egg_info
[1.308s] removing '/home/ros2/ros2_gazebo_ws/install/dirigible_control/lib/python3.10/site-packages/dirigible_control-0.0.0-py3.10.egg-info' (and everything under it)
[1.308s] Copying ../../build/dirigible_control/dirigible_control.egg-info to /home/ros2/ros2_gazebo_ws/install/dirigible_control/lib/python3.10/site-packages/dirigible_control-0.0.0-py3.10.egg-info
[1.310s] running install_scripts
[1.328s] Installing dirigible_controller script to /home/ros2/ros2_gazebo_ws/install/dirigible_control/lib/dirigible_control
[1.329s] writing list of installed files to '/home/ros2/ros2_gazebo_ws/build/dirigible_control/install.log'
[1.362s] Invoked command in '/home/ros2/ros2_gazebo_ws/src/dirigible_control' returned '0': PYTHONPATH=/home/ros2/ros2_gazebo_ws/build/dirigible_control/prefix_override:/usr/lib/python3/dist-packages/colcon_core/task/python/colcon_distutils_commands:/home/ros2/ros2_gazebo_ws/install/dirigible_control/lib/python3.10/site-packages:${PYTHONPATH} /usr/bin/python3 -W ignore:setup.py install is deprecated -W ignore:easy_install command is deprecated setup.py egg_info --egg-base ../../build/dirigible_control build --build-base /home/ros2/ros2_gazebo_ws/build/dirigible_control/build install --record /home/ros2/ros2_gazebo_ws/build/dirigible_control/install.log --single-version-externally-managed install_data
