[0.687s] Invoking command in '/home/ros2/ros2_gazebo_ws/src/dirigible_control': PYTHONPATH=/home/ros2/ros2_gazebo_ws/build/dirigible_control/prefix_override:/usr/lib/python3/dist-packages/colcon_core/task/python/colcon_distutils_commands:/home/ros2/ros2_gazebo_ws/install/dirigible_control/lib/python3.10/site-packages:${PYTHONPATH} /usr/bin/python3 -W ignore:setup.py install is deprecated -W ignore:easy_install command is deprecated setup.py egg_info --egg-base ../../build/dirigible_control build --build-base /home/ros2/ros2_gazebo_ws/build/dirigible_control/build install --record /home/ros2/ros2_gazebo_ws/build/dirigible_control/install.log --single-version-externally-managed install_data
[0.933s] running egg_info
[0.934s] creating ../../build/dirigible_control/dirigible_control.egg-info
[0.934s] writing ../../build/dirigible_control/dirigible_control.egg-info/PKG-INFO
[0.935s] writing dependency_links to ../../build/dirigible_control/dirigible_control.egg-info/dependency_links.txt
[0.935s] writing entry points to ../../build/dirigible_control/dirigible_control.egg-info/entry_points.txt
[0.935s] writing requirements to ../../build/dirigible_control/dirigible_control.egg-info/requires.txt
[0.935s] writing top-level names to ../../build/dirigible_control/dirigible_control.egg-info/top_level.txt
[0.936s] writing manifest file '../../build/dirigible_control/dirigible_control.egg-info/SOURCES.txt'
[0.937s] reading manifest file '../../build/dirigible_control/dirigible_control.egg-info/SOURCES.txt'
[0.938s] writing manifest file '../../build/dirigible_control/dirigible_control.egg-info/SOURCES.txt'
[0.938s] running build
[0.939s] running build_py
[0.939s] creating /home/ros2/ros2_gazebo_ws/build/dirigible_control/build
[0.939s] creating /home/ros2/ros2_gazebo_ws/build/dirigible_control/build/lib
[0.939s] creating /home/ros2/ros2_gazebo_ws/build/dirigible_control/build/lib/dirigible_control
[0.939s] copying dirigible_control/__init__.py -> /home/ros2/ros2_gazebo_ws/build/dirigible_control/build/lib/dirigible_control
[0.940s] running install
[0.940s] running install_lib
[0.941s] creating /home/ros2/ros2_gazebo_ws/install/dirigible_control/lib/python3.10/site-packages/dirigible_control
[0.941s] copying /home/ros2/ros2_gazebo_ws/build/dirigible_control/build/lib/dirigible_control/__init__.py -> /home/ros2/ros2_gazebo_ws/install/dirigible_control/lib/python3.10/site-packages/dirigible_control
[0.942s] byte-compiling /home/ros2/ros2_gazebo_ws/install/dirigible_control/lib/python3.10/site-packages/dirigible_control/__init__.py to __init__.cpython-310.pyc
[0.944s] running install_data
[0.944s] creating /home/ros2/ros2_gazebo_ws/install/dirigible_control/share/ament_index
[0.944s] creating /home/ros2/ros2_gazebo_ws/install/dirigible_control/share/ament_index/resource_index
[0.945s] creating /home/ros2/ros2_gazebo_ws/install/dirigible_control/share/ament_index/resource_index/packages
[0.945s] copying resource/dirigible_control -> /home/ros2/ros2_gazebo_ws/install/dirigible_control/share/ament_index/resource_index/packages
[0.945s] copying package.xml -> /home/ros2/ros2_gazebo_ws/install/dirigible_control/share/dirigible_control
[0.946s] running install_egg_info
[0.949s] Copying ../../build/dirigible_control/dirigible_control.egg-info to /home/ros2/ros2_gazebo_ws/install/dirigible_control/lib/python3.10/site-packages/dirigible_control-0.0.0-py3.10.egg-info
[0.950s] running install_scripts
[0.972s] writing list of installed files to '/home/ros2/ros2_gazebo_ws/build/dirigible_control/install.log'
[1.003s] Invoked command in '/home/ros2/ros2_gazebo_ws/src/dirigible_control' returned '0': PYTHONPATH=/home/ros2/ros2_gazebo_ws/build/dirigible_control/prefix_override:/usr/lib/python3/dist-packages/colcon_core/task/python/colcon_distutils_commands:/home/ros2/ros2_gazebo_ws/install/dirigible_control/lib/python3.10/site-packages:${PYTHONPATH} /usr/bin/python3 -W ignore:setup.py install is deprecated -W ignore:easy_install command is deprecated setup.py egg_info --egg-base ../../build/dirigible_control build --build-base /home/ros2/ros2_gazebo_ws/build/dirigible_control/build install --record /home/ros2/ros2_gazebo_ws/build/dirigible_control/install.log --single-version-externally-managed install_data
