running egg_info
creating ../../build/gym-airship/gym_airship.egg-info
writing ../../build/gym-airship/gym_airship.egg-info/PKG-INFO
writing dependency_links to ../../build/gym-airship/gym_airship.egg-info/dependency_links.txt
writing entry points to ../../build/gym-airship/gym_airship.egg-info/entry_points.txt
writing requirements to ../../build/gym-airship/gym_airship.egg-info/requires.txt
writing top-level names to ../../build/gym-airship/gym_airship.egg-info/top_level.txt
writing manifest file '../../build/gym-airship/gym_airship.egg-info/SOURCES.txt'
reading manifest file '../../build/gym-airship/gym_airship.egg-info/SOURCES.txt'
adding license file 'LICENSE'
writing manifest file '../../build/gym-airship/gym_airship.egg-info/SOURCES.txt'
running build
running build_py
creating /home/ros2/ros2_gazebo_ws/build/gym-airship/build
creating /home/ros2/ros2_gazebo_ws/build/gym-airship/build/lib
creating /home/ros2/ros2_gazebo_ws/build/gym-airship/build/lib/gym-airship
copying gym-airship/__init__.py -> /home/ros2/ros2_gazebo_ws/build/gym-airship/build/lib/gym-airship
creating /home/ros2/ros2_gazebo_ws/build/gym-airship/build/lib/gym-airship/envs
copying gym-airship/envs/airship_landing_env.py -> /home/ros2/ros2_gazebo_ws/build/gym-airship/build/lib/gym-airship/envs
copying gym-airship/envs/__init__.py -> /home/ros2/ros2_gazebo_ws/build/gym-airship/build/lib/gym-airship/envs
running install
running install_lib
creating /home/ros2/ros2_gazebo_ws/install/gym-airship/lib/python3.10/site-packages/gym-airship
creating /home/ros2/ros2_gazebo_ws/install/gym-airship/lib/python3.10/site-packages/gym-airship/envs
copying /home/ros2/ros2_gazebo_ws/build/gym-airship/build/lib/gym-airship/envs/airship_landing_env.py -> /home/ros2/ros2_gazebo_ws/install/gym-airship/lib/python3.10/site-packages/gym-airship/envs
copying /home/ros2/ros2_gazebo_ws/build/gym-airship/build/lib/gym-airship/envs/__init__.py -> /home/ros2/ros2_gazebo_ws/install/gym-airship/lib/python3.10/site-packages/gym-airship/envs
copying /home/ros2/ros2_gazebo_ws/build/gym-airship/build/lib/gym-airship/__init__.py -> /home/ros2/ros2_gazebo_ws/install/gym-airship/lib/python3.10/site-packages/gym-airship
byte-compiling /home/ros2/ros2_gazebo_ws/install/gym-airship/lib/python3.10/site-packages/gym-airship/envs/airship_landing_env.py to airship_landing_env.cpython-310.pyc
byte-compiling /home/ros2/ros2_gazebo_ws/install/gym-airship/lib/python3.10/site-packages/gym-airship/envs/__init__.py to __init__.cpython-310.pyc
byte-compiling /home/ros2/ros2_gazebo_ws/install/gym-airship/lib/python3.10/site-packages/gym-airship/__init__.py to __init__.cpython-310.pyc
running install_data
creating /home/ros2/ros2_gazebo_ws/install/gym-airship/share/ament_index
creating /home/ros2/ros2_gazebo_ws/install/gym-airship/share/ament_index/resource_index
creating /home/ros2/ros2_gazebo_ws/install/gym-airship/share/ament_index/resource_index/packages
copying resource/gym-airship -> /home/ros2/ros2_gazebo_ws/install/gym-airship/share/ament_index/resource_index/packages
copying package.xml -> /home/ros2/ros2_gazebo_ws/install/gym-airship/share/gym-airship
running install_egg_info
Copying ../../build/gym-airship/gym_airship.egg-info to /home/ros2/ros2_gazebo_ws/install/gym-airship/lib/python3.10/site-packages/gym_airship-0.0.1-py3.10.egg-info
running install_scripts
writing list of installed files to '/home/ros2/ros2_gazebo_ws/build/gym-airship/install.log'
