running egg_info
writing ../../build/gym-airship/gym_airship.egg-info/PKG-INFO
writing dependency_links to ../../build/gym-airship/gym_airship.egg-info/dependency_links.txt
writing entry points to ../../build/gym-airship/gym_airship.egg-info/entry_points.txt
writing requirements to ../../build/gym-airship/gym_airship.egg-info/requires.txt
writing top-level names to ../../build/gym-airship/gym_airship.egg-info/top_level.txt
reading manifest file '../../build/gym-airship/gym_airship.egg-info/SOURCES.txt'
adding license file 'LICENSE'
writing manifest file '../../build/gym-airship/gym_airship.egg-info/SOURCES.txt'
running build
running build_py
running install
running install_lib
running install_data
running install_egg_info
removing '/home/ros2/ros2_gazebo_ws/install/gym-airship/lib/python3.10/site-packages/gym_airship-0.0.1-py3.10.egg-info' (and everything under it)
Copying ../../build/gym-airship/gym_airship.egg-info to /home/ros2/ros2_gazebo_ws/install/gym-airship/lib/python3.10/site-packages/gym_airship-0.0.1-py3.10.egg-info
running install_scripts
Installing airship_landing_env script to /home/ros2/ros2_gazebo_ws/install/gym-airship/lib/gym-airship
writing list of installed files to '/home/ros2/ros2_gazebo_ws/build/gym-airship/install.log'
