[2.792s] Invoking command in '/home/ros2/ros2_gazebo_ws/src/gym-airship': PYTHONPATH=/home/ros2/ros2_gazebo_ws/build/gym-airship/prefix_override:/usr/lib/python3/dist-packages/colcon_core/task/python/colcon_distutils_commands:/home/ros2/ros2_gazebo_ws/install/gym-airship/lib/python3.10/site-packages:${PYTHONPATH} /usr/bin/python3 -W ignore:setup.py install is deprecated -W ignore:easy_install command is deprecated setup.py egg_info --egg-base ../../build/gym-airship build --build-base /home/ros2/ros2_gazebo_ws/build/gym-airship/build install --record /home/ros2/ros2_gazebo_ws/build/gym-airship/install.log --single-version-externally-managed install_data
[3.490s] running egg_info
[3.492s] writing ../../build/gym-airship/gym_airship.egg-info/PKG-INFO
[3.493s] writing dependency_links to ../../build/gym-airship/gym_airship.egg-info/dependency_links.txt
[3.494s] writing entry points to ../../build/gym-airship/gym_airship.egg-info/entry_points.txt
[3.494s] writing requirements to ../../build/gym-airship/gym_airship.egg-info/requires.txt
[3.494s] writing top-level names to ../../build/gym-airship/gym_airship.egg-info/top_level.txt
[3.500s] reading manifest file '../../build/gym-airship/gym_airship.egg-info/SOURCES.txt'
[3.501s] adding license file 'LICENSE'
[3.503s] writing manifest file '../../build/gym-airship/gym_airship.egg-info/SOURCES.txt'
[3.504s] running build
[3.504s] running build_py
[3.505s] running install
[3.506s] running install_lib
[3.509s] running install_data
[3.509s] running install_egg_info
[3.513s] removing '/home/ros2/ros2_gazebo_ws/install/gym-airship/lib/python3.10/site-packages/gym_airship-0.0.1-py3.10.egg-info' (and everything under it)
[3.514s] Copying ../../build/gym-airship/gym_airship.egg-info to /home/ros2/ros2_gazebo_ws/install/gym-airship/lib/python3.10/site-packages/gym_airship-0.0.1-py3.10.egg-info
[3.516s] running install_scripts
[3.566s] Installing airship_landing_env script to /home/ros2/ros2_gazebo_ws/install/gym-airship/lib/gym-airship
[3.568s] writing list of installed files to '/home/ros2/ros2_gazebo_ws/build/gym-airship/install.log'
[3.639s] Invoked command in '/home/ros2/ros2_gazebo_ws/src/gym-airship' returned '0': PYTHONPATH=/home/ros2/ros2_gazebo_ws/build/gym-airship/prefix_override:/usr/lib/python3/dist-packages/colcon_core/task/python/colcon_distutils_commands:/home/ros2/ros2_gazebo_ws/install/gym-airship/lib/python3.10/site-packages:${PYTHONPATH} /usr/bin/python3 -W ignore:setup.py install is deprecated -W ignore:easy_install command is deprecated setup.py egg_info --egg-base ../../build/gym-airship build --build-base /home/ros2/ros2_gazebo_ws/build/gym-airship/build install --record /home/ros2/ros2_gazebo_ws/build/gym-airship/install.log --single-version-externally-managed install_data
