[1.645s] Invoking command in '/home/ros2/ros2_gazebo_ws/src/gym-airship': PYTHONPATH=/home/ros2/ros2_gazebo_ws/build/gym-airship/prefix_override:/usr/lib/python3/dist-packages/colcon_core/task/python/colcon_distutils_commands:/home/ros2/ros2_gazebo_ws/install/gym-airship/lib/python3.10/site-packages:${PYTHONPATH} /usr/bin/python3 -W ignore:setup.py install is deprecated -W ignore:easy_install command is deprecated setup.py egg_info --egg-base ../../build/gym-airship build --build-base /home/ros2/ros2_gazebo_ws/build/gym-airship/build install --record /home/ros2/ros2_gazebo_ws/build/gym-airship/install.log --single-version-externally-managed install_data
[2.059s] running egg_info
[2.060s] writing ../../build/gym-airship/gym_airship.egg-info/PKG-INFO
[2.061s] writing dependency_links to ../../build/gym-airship/gym_airship.egg-info/dependency_links.txt
[2.061s] writing entry points to ../../build/gym-airship/gym_airship.egg-info/entry_points.txt
[2.061s] writing requirements to ../../build/gym-airship/gym_airship.egg-info/requires.txt
[2.062s] writing top-level names to ../../build/gym-airship/gym_airship.egg-info/top_level.txt
[2.065s] reading manifest file '../../build/gym-airship/gym_airship.egg-info/SOURCES.txt'
[2.066s] adding license file 'LICENSE'
[2.066s] writing manifest file '../../build/gym-airship/gym_airship.egg-info/SOURCES.txt'
[2.068s] running build
[2.068s] running build_py
[2.068s] running install
[2.068s] running install_lib
[2.071s] running install_data
[2.071s] running install_egg_info
[2.074s] removing '/home/ros2/ros2_gazebo_ws/install/gym-airship/lib/python3.10/site-packages/gym_airship-0.0.1-py3.10.egg-info' (and everything under it)
[2.075s] Copying ../../build/gym-airship/gym_airship.egg-info to /home/ros2/ros2_gazebo_ws/install/gym-airship/lib/python3.10/site-packages/gym_airship-0.0.1-py3.10.egg-info
[2.078s] running install_scripts
[2.113s] Installing airship_landing_env script to /home/ros2/ros2_gazebo_ws/install/gym-airship/lib/gym-airship
[2.114s] writing list of installed files to '/home/ros2/ros2_gazebo_ws/build/gym-airship/install.log'
[2.183s] Invoked command in '/home/ros2/ros2_gazebo_ws/src/gym-airship' returned '0': PYTHONPATH=/home/ros2/ros2_gazebo_ws/build/gym-airship/prefix_override:/usr/lib/python3/dist-packages/colcon_core/task/python/colcon_distutils_commands:/home/ros2/ros2_gazebo_ws/install/gym-airship/lib/python3.10/site-packages:${PYTHONPATH} /usr/bin/python3 -W ignore:setup.py install is deprecated -W ignore:easy_install command is deprecated setup.py egg_info --egg-base ../../build/gym-airship build --build-base /home/ros2/ros2_gazebo_ws/build/gym-airship/build install --record /home/ros2/ros2_gazebo_ws/build/gym-airship/install.log --single-version-externally-managed install_data
