/home/ros2/ros2_gazebo_ws/install/dirigible_control/lib/python3.10/site-packages/dirigible_control/train_dqn.py
/home/ros2/ros2_gazebo_ws/install/dirigible_control/lib/python3.10/site-packages/dirigible_control/__init__.py
/home/ros2/ros2_gazebo_ws/install/dirigible_control/lib/python3.10/site-packages/dirigible_control/reset_airship_node.py
/home/ros2/ros2_gazebo_ws/install/dirigible_control/lib/python3.10/site-packages/dirigible_control/dirigible_controller.py
/home/ros2/ros2_gazebo_ws/install/dirigible_control/lib/python3.10/site-packages/dirigible_control/__pycache__/train_dqn.cpython-310.pyc
/home/ros2/ros2_gazebo_ws/install/dirigible_control/lib/python3.10/site-packages/dirigible_control/__pycache__/__init__.cpython-310.pyc
/home/ros2/ros2_gazebo_ws/install/dirigible_control/lib/python3.10/site-packages/dirigible_control/__pycache__/reset_airship_node.cpython-310.pyc
/home/ros2/ros2_gazebo_ws/install/dirigible_control/lib/python3.10/site-packages/dirigible_control/__pycache__/dirigible_controller.cpython-310.pyc
/home/ros2/ros2_gazebo_ws/install/dirigible_control/share/ament_index/resource_index/packages/dirigible_control
/home/ros2/ros2_gazebo_ws/install/dirigible_control/share/dirigible_control/package.xml
/home/ros2/ros2_gazebo_ws/install/dirigible_control/share/dirigible_control/launch/dirigible.launch.py
/home/ros2/ros2_gazebo_ws/install/dirigible_control/share/dirigible_control/worlds/empty.world
/home/ros2/ros2_gazebo_ws/install/dirigible_control/share/dirigible_control/worlds/dirigible_world.world
/home/ros2/ros2_gazebo_ws/install/dirigible_control/share/dirigible_control/worlds/basic.world
/home/ros2/ros2_gazebo_ws/install/dirigible_control/share/dirigible_control/models
/home/ros2/ros2_gazebo_ws/install/dirigible_control/lib/python3.10/site-packages/dirigible_control-0.0.1-py3.10.egg-info/top_level.txt
/home/ros2/ros2_gazebo_ws/install/dirigible_control/lib/python3.10/site-packages/dirigible_control-0.0.1-py3.10.egg-info/PKG-INFO
/home/ros2/ros2_gazebo_ws/install/dirigible_control/lib/python3.10/site-packages/dirigible_control-0.0.1-py3.10.egg-info/requires.txt
/home/ros2/ros2_gazebo_ws/install/dirigible_control/lib/python3.10/site-packages/dirigible_control-0.0.1-py3.10.egg-info/zip-safe
/home/ros2/ros2_gazebo_ws/install/dirigible_control/lib/python3.10/site-packages/dirigible_control-0.0.1-py3.10.egg-info/dependency_links.txt
/home/ros2/ros2_gazebo_ws/install/dirigible_control/lib/python3.10/site-packages/dirigible_control-0.0.1-py3.10.egg-info/SOURCES.txt
/home/ros2/ros2_gazebo_ws/install/dirigible_control/lib/python3.10/site-packages/dirigible_control-0.0.1-py3.10.egg-info/entry_points.txt
/home/ros2/ros2_gazebo_ws/install/dirigible_control/lib/dirigible_control/dirigible_controller
/home/ros2/ros2_gazebo_ws/install/dirigible_control/lib/dirigible_control/train_dqn
