[1.340s] Invoking command in '/home/ros2/ros2_gazebo_ws/src/dirigible_control': PYTHONPATH=/home/ros2/ros2_gazebo_ws/build/dirigible_control/prefix_override:/usr/lib/python3/dist-packages/colcon_core/task/python/colcon_distutils_commands:/home/ros2/ros2_gazebo_ws/install/dirigible_control/lib/python3.10/site-packages:${PYTHONPATH} /usr/bin/python3 -W ignore:setup.py install is deprecated -W ignore:easy_install command is deprecated setup.py egg_info --egg-base ../../build/dirigible_control build --build-base /home/ros2/ros2_gazebo_ws/build/dirigible_control/build install --record /home/ros2/ros2_gazebo_ws/build/dirigible_control/install.log --single-version-externally-managed install_data
[1.635s] running egg_info
[1.636s] writing ../../build/dirigible_control/dirigible_control.egg-info/PKG-INFO
[1.637s] writing dependency_links to ../../build/dirigible_control/dirigible_control.egg-info/dependency_links.txt
[1.638s] writing entry points to ../../build/dirigible_control/dirigible_control.egg-info/entry_points.txt
[1.639s] writing requirements to ../../build/dirigible_control/dirigible_control.egg-info/requires.txt
[1.639s] writing top-level names to ../../build/dirigible_control/dirigible_control.egg-info/top_level.txt
[1.642s] reading manifest file '../../build/dirigible_control/dirigible_control.egg-info/SOURCES.txt'
[1.643s] writing manifest file '../../build/dirigible_control/dirigible_control.egg-info/SOURCES.txt'
[1.644s] running build
[1.644s] running build_py
[1.645s] running install
[1.646s] running install_lib
[1.649s] running install_data
[1.650s] copying launch/dirigible.launch.py -> /home/ros2/ros2_gazebo_ws/install/dirigible_control/share/dirigible_control/launch
[1.650s] running install_egg_info
[1.653s] removing '/home/ros2/ros2_gazebo_ws/install/dirigible_control/lib/python3.10/site-packages/dirigible_control-0.0.0-py3.10.egg-info' (and everything under it)
[1.654s] Copying ../../build/dirigible_control/dirigible_control.egg-info to /home/ros2/ros2_gazebo_ws/install/dirigible_control/lib/python3.10/site-packages/dirigible_control-0.0.0-py3.10.egg-info
[1.657s] running install_scripts
[1.689s] Installing dirigible_controller script to /home/ros2/ros2_gazebo_ws/install/dirigible_control/lib/dirigible_control
[1.690s] writing list of installed files to '/home/ros2/ros2_gazebo_ws/build/dirigible_control/install.log'
[1.752s] Invoked command in '/home/ros2/ros2_gazebo_ws/src/dirigible_control' returned '0': PYTHONPATH=/home/ros2/ros2_gazebo_ws/build/dirigible_control/prefix_override:/usr/lib/python3/dist-packages/colcon_core/task/python/colcon_distutils_commands:/home/ros2/ros2_gazebo_ws/install/dirigible_control/lib/python3.10/site-packages:${PYTHONPATH} /usr/bin/python3 -W ignore:setup.py install is deprecated -W ignore:easy_install command is deprecated setup.py egg_info --egg-base ../../build/dirigible_control build --build-base /home/ros2/ros2_gazebo_ws/build/dirigible_control/build install --record /home/ros2/ros2_gazebo_ws/build/dirigible_control/install.log --single-version-externally-managed install_data
