[1.941s] DEBUG:colcon:Command line arguments: ['/usr/bin/colcon', 'build']
[1.941s] DEBUG:colcon:Parsed command line arguments: Namespace(log_base=None, log_level=None, verb_name='build', build_base='build', install_base='install', merge_install=False, symlink_install=False, test_result_base=None, continue_on_error=False, executor='parallel', parallel_workers=8, event_handlers=None, ignore_user_meta=False, metas=['./colcon.meta'], base_paths=['.'], packages_ignore=None, packages_ignore_regex=None, paths=None, packages_up_to=None, packages_up_to_regex=None, packages_above=None, packages_above_and_dependencies=None, packages_above_depth=None, packages_select_by_dep=None, packages_skip_by_dep=None, packages_skip_up_to=None, packages_select_build_failed=False, packages_skip_build_finished=False, packages_select_test_failures=False, packages_skip_test_passed=False, packages_select=None, packages_skip=None, packages_select_regex=None, packages_skip_regex=None, packages_start=None, packages_end=None, allow_overriding=[], bazel_args=None, bazel_task=None, cmake_args=None, cmake_target=None, cmake_target_skip_unavailable=False, cmake_clean_cache=False, cmake_clean_first=False, cmake_force_configure=False, meson_args=[], ament_cmake_args=None, catkin_cmake_args=None, catkin_skip_building_tests=False, mixin_files=None, mixin=None, verb_parser=<colcon_alias.argument_parser.alias.AliasArgumentDecorator object at 0x71bf84ce0d60>, verb_extension=<colcon_core.verb.build.BuildVerb object at 0x71bf84ce00a0>, main=<bound method BuildVerb.main of <colcon_core.verb.build.BuildVerb object at 0x71bf84ce00a0>>, mixin_verb=('build',))
[3.063s] Level 1:colcon.colcon_core.package_discovery:discover_packages(colcon_meta) check parameters
[3.064s] Level 1:colcon.colcon_core.package_discovery:discover_packages(recursive) check parameters
[3.065s] Level 1:colcon.colcon_core.package_discovery:discover_packages(ignore) check parameters
[3.065s] Level 1:colcon.colcon_core.package_discovery:discover_packages(path) check parameters
[3.065s] Level 1:colcon.colcon_core.package_discovery:discover_packages(colcon_meta) discover
[3.065s] Level 1:colcon.colcon_core.package_discovery:discover_packages(recursive) discover
[3.066s] INFO:colcon.colcon_core.package_discovery:Crawling recursively for packages in '/home/ros2/ros2_gazebo_ws'
[3.067s] Level 1:colcon.colcon_core.package_identification:_identify(.) by extensions ['ignore', 'ignore_ament_install']
[3.067s] Level 1:colcon.colcon_core.package_identification:_identify(.) by extension 'ignore'
[3.068s] Level 1:colcon.colcon_core.package_identification:_identify(.) by extension 'ignore_ament_install'
[3.069s] Level 1:colcon.colcon_core.package_identification:_identify(.) by extensions ['colcon_pkg']
[3.069s] Level 1:colcon.colcon_core.package_identification:_identify(.) by extension 'colcon_pkg'
[3.069s] Level 1:colcon.colcon_core.package_identification:_identify(.) by extensions ['colcon_meta']
[3.070s] Level 1:colcon.colcon_core.package_identification:_identify(.) by extension 'colcon_meta'
[3.070s] Level 1:colcon.colcon_core.package_identification:_identify(.) by extensions ['ros']
[3.070s] Level 1:colcon.colcon_core.package_identification:_identify(.) by extension 'ros'
[3.078s] Level 1:colcon.colcon_core.package_identification:_identify(.) by extensions ['bazel', 'cmake', 'meson', 'python']
[3.079s] Level 1:colcon.colcon_core.package_identification:_identify(.) by extension 'bazel'
[3.079s] Level 1:colcon.colcon_core.package_identification:_identify(.) by extension 'cmake'
[3.079s] Level 1:colcon.colcon_core.package_identification:_identify(.) by extension 'meson'
[3.079s] Level 1:colcon.colcon_core.package_identification:_identify(.) by extension 'python'
[3.079s] Level 1:colcon.colcon_core.package_identification:_identify(.) by extensions ['python_setup_py']
[3.080s] Level 1:colcon.colcon_core.package_identification:_identify(.) by extension 'python_setup_py'
[3.080s] Level 1:colcon.colcon_core.package_identification:_identify(build) by extensions ['ignore', 'ignore_ament_install']
[3.080s] Level 1:colcon.colcon_core.package_identification:_identify(build) by extension 'ignore'
[3.080s] Level 1:colcon.colcon_core.package_identification:_identify(build) ignored
[3.081s] Level 1:colcon.colcon_core.package_identification:_identify(install) by extensions ['ignore', 'ignore_ament_install']
[3.081s] Level 1:colcon.colcon_core.package_identification:_identify(install) by extension 'ignore'
[3.081s] Level 1:colcon.colcon_core.package_identification:_identify(install) ignored
[3.082s] Level 1:colcon.colcon_core.package_identification:_identify(log) by extensions ['ignore', 'ignore_ament_install']
[3.082s] Level 1:colcon.colcon_core.package_identification:_identify(log) by extension 'ignore'
[3.082s] Level 1:colcon.colcon_core.package_identification:_identify(log) ignored
[3.083s] Level 1:colcon.colcon_core.package_identification:_identify(src) by extensions ['ignore', 'ignore_ament_install']
[3.083s] Level 1:colcon.colcon_core.package_identification:_identify(src) by extension 'ignore'
[3.083s] Level 1:colcon.colcon_core.package_identification:_identify(src) by extension 'ignore_ament_install'
[3.084s] Level 1:colcon.colcon_core.package_identification:_identify(src) by extensions ['colcon_pkg']
[3.084s] Level 1:colcon.colcon_core.package_identification:_identify(src) by extension 'colcon_pkg'
[3.084s] Level 1:colcon.colcon_core.package_identification:_identify(src) by extensions ['colcon_meta']
[3.084s] Level 1:colcon.colcon_core.package_identification:_identify(src) by extension 'colcon_meta'
[3.084s] Level 1:colcon.colcon_core.package_identification:_identify(src) by extensions ['ros']
[3.084s] Level 1:colcon.colcon_core.package_identification:_identify(src) by extension 'ros'
[3.085s] Level 1:colcon.colcon_core.package_identification:_identify(src) by extensions ['bazel', 'cmake', 'meson', 'python']
[3.085s] Level 1:colcon.colcon_core.package_identification:_identify(src) by extension 'bazel'
[3.085s] Level 1:colcon.colcon_core.package_identification:_identify(src) by extension 'cmake'
[3.085s] Level 1:colcon.colcon_core.package_identification:_identify(src) by extension 'meson'
[3.086s] Level 1:colcon.colcon_core.package_identification:_identify(src) by extension 'python'
[3.086s] Level 1:colcon.colcon_core.package_identification:_identify(src) by extensions ['python_setup_py']
[3.086s] Level 1:colcon.colcon_core.package_identification:_identify(src) by extension 'python_setup_py'
[3.086s] Level 1:colcon.colcon_core.package_identification:_identify(src/dirigible_control) by extensions ['ignore', 'ignore_ament_install']
[3.086s] Level 1:colcon.colcon_core.package_identification:_identify(src/dirigible_control) by extension 'ignore'
[3.087s] Level 1:colcon.colcon_core.package_identification:_identify(src/dirigible_control) by extension 'ignore_ament_install'
[3.087s] Level 1:colcon.colcon_core.package_identification:_identify(src/dirigible_control) by extensions ['colcon_pkg']
[3.087s] Level 1:colcon.colcon_core.package_identification:_identify(src/dirigible_control) by extension 'colcon_pkg'
[3.087s] Level 1:colcon.colcon_core.package_identification:_identify(src/dirigible_control) by extensions ['colcon_meta']
[3.087s] Level 1:colcon.colcon_core.package_identification:_identify(src/dirigible_control) by extension 'colcon_meta'
[3.087s] Level 1:colcon.colcon_core.package_identification:_identify(src/dirigible_control) by extensions ['ros']
[3.088s] Level 1:colcon.colcon_core.package_identification:_identify(src/dirigible_control) by extension 'ros'
[3.096s] DEBUG:colcon.colcon_core.package_identification:Package 'src/dirigible_control' with type 'ros.ament_python' and name 'dirigible_control'
[3.097s] Level 1:colcon.colcon_core.package_discovery:discover_packages(recursive) using defaults
[3.097s] Level 1:colcon.colcon_core.package_discovery:discover_packages(ignore) discover
[3.097s] Level 1:colcon.colcon_core.package_discovery:discover_packages(ignore) using defaults
[3.097s] Level 1:colcon.colcon_core.package_discovery:discover_packages(path) discover
[3.097s] Level 1:colcon.colcon_core.package_discovery:discover_packages(path) using defaults
[3.185s] Level 1:colcon.colcon_core.package_discovery:discover_packages(prefix_path) check parameters
[3.185s] Level 1:colcon.colcon_core.package_discovery:discover_packages(prefix_path) discover
[3.199s] DEBUG:colcon.colcon_installed_package_information.package_discovery:Found 1 installed packages in /home/ros2/ros2_gazebo_ws/install
[3.201s] DEBUG:colcon.colcon_installed_package_information.package_discovery:Found 4 installed packages in /home/ros2/ros2_ws/install
[3.206s] DEBUG:colcon.colcon_installed_package_information.package_discovery:Found 323 installed packages in /opt/ros/humble
[3.211s] Level 1:colcon.colcon_core.package_discovery:discover_packages(prefix_path) using defaults
[3.379s] Level 5:colcon.colcon_core.verb:set package 'dirigible_control' build argument 'bazel_args' from command line to 'None'
[3.380s] Level 5:colcon.colcon_core.verb:set package 'dirigible_control' build argument 'bazel_task' from command line to 'None'
[3.380s] Level 5:colcon.colcon_core.verb:set package 'dirigible_control' build argument 'cmake_args' from command line to 'None'
[3.380s] Level 5:colcon.colcon_core.verb:set package 'dirigible_control' build argument 'cmake_target' from command line to 'None'
[3.380s] Level 5:colcon.colcon_core.verb:set package 'dirigible_control' build argument 'cmake_target_skip_unavailable' from command line to 'False'
[3.380s] Level 5:colcon.colcon_core.verb:set package 'dirigible_control' build argument 'cmake_clean_cache' from command line to 'False'
[3.380s] Level 5:colcon.colcon_core.verb:set package 'dirigible_control' build argument 'cmake_clean_first' from command line to 'False'
[3.380s] Level 5:colcon.colcon_core.verb:set package 'dirigible_control' build argument 'cmake_force_configure' from command line to 'False'
[3.380s] Level 5:colcon.colcon_core.verb:set package 'dirigible_control' build argument 'meson_args' from command line to '[]'
[3.380s] Level 5:colcon.colcon_core.verb:set package 'dirigible_control' build argument 'ament_cmake_args' from command line to 'None'
[3.380s] Level 5:colcon.colcon_core.verb:set package 'dirigible_control' build argument 'catkin_cmake_args' from command line to 'None'
[3.380s] Level 5:colcon.colcon_core.verb:set package 'dirigible_control' build argument 'catkin_skip_building_tests' from command line to 'False'
[3.380s] DEBUG:colcon.colcon_core.verb:Building package 'dirigible_control' with the following arguments: {'ament_cmake_args': None, 'bazel_args': None, 'bazel_task': None, 'build_base': '/home/ros2/ros2_gazebo_ws/build/dirigible_control', 'catkin_cmake_args': None, 'catkin_skip_building_tests': False, 'cmake_args': None, 'cmake_clean_cache': False, 'cmake_clean_first': False, 'cmake_force_configure': False, 'cmake_target': None, 'cmake_target_skip_unavailable': False, 'install_base': '/home/ros2/ros2_gazebo_ws/install/dirigible_control', 'merge_install': False, 'meson_args': [], 'path': '/home/ros2/ros2_gazebo_ws/src/dirigible_control', 'symlink_install': False, 'test_result_base': None}
[3.381s] INFO:colcon.colcon_core.executor:Executing jobs using 'parallel' executor
[3.390s] DEBUG:colcon.colcon_parallel_executor.executor.parallel:run_until_complete
[3.391s] INFO:colcon.colcon_ros.task.ament_python.build:Building ROS package in '/home/ros2/ros2_gazebo_ws/src/dirigible_control' with build type 'ament_python'
[3.391s] Level 1:colcon.colcon_core.shell:create_environment_hook('dirigible_control', 'ament_prefix_path')
[3.411s] INFO:colcon.colcon_core.plugin_system:Skipping extension 'colcon_core.shell.bat': Not used on non-Windows systems
[3.412s] INFO:colcon.colcon_core.shell:Creating environment hook '/home/ros2/ros2_gazebo_ws/install/dirigible_control/share/dirigible_control/hook/ament_prefix_path.ps1'
[3.415s] INFO:colcon.colcon_core.shell:Creating environment descriptor '/home/ros2/ros2_gazebo_ws/install/dirigible_control/share/dirigible_control/hook/ament_prefix_path.dsv'
[3.418s] INFO:colcon.colcon_core.shell:Creating environment hook '/home/ros2/ros2_gazebo_ws/install/dirigible_control/share/dirigible_control/hook/ament_prefix_path.sh'
[3.424s] DEBUG:colcon.colcon_ros_domain_id_coordinator.shell.ros_domain_id:Allocated ROS_DOMAIN_ID=15 for '/home/ros2/ros2_gazebo_ws/build/dirigible_control'
[3.424s] INFO:colcon.colcon_core.shell:Skip shell extension 'ros_domain_id' for command environment: 
[3.425s] INFO:colcon.colcon_core.shell:Skip shell extension 'powershell' for command environment: Not usable outside of PowerShell
[3.425s] DEBUG:colcon.colcon_core.shell:Skip shell extension 'dsv' for command environment
[4.403s] INFO:colcon.colcon_core.task.python.build:Building Python package in '/home/ros2/ros2_gazebo_ws/src/dirigible_control'
[4.404s] DEBUG:colcon.colcon_ros_domain_id_coordinator.shell.ros_domain_id:Allocated ROS_DOMAIN_ID=15 for '/home/ros2/ros2_gazebo_ws/build/dirigible_control'
[4.404s] INFO:colcon.colcon_core.shell:Skip shell extension 'ros_domain_id' for command environment: 
[4.404s] INFO:colcon.colcon_core.shell:Skip shell extension 'powershell' for command environment: Not usable outside of PowerShell
[4.405s] DEBUG:colcon.colcon_core.shell:Skip shell extension 'dsv' for command environment
[6.325s] DEBUG:colcon.colcon_core.event_handler.log_command:Invoking command in '/home/ros2/ros2_gazebo_ws/src/dirigible_control': PYTHONPATH=/home/ros2/ros2_gazebo_ws/build/dirigible_control/prefix_override:/usr/lib/python3/dist-packages/colcon_core/task/python/colcon_distutils_commands:/home/ros2/ros2_gazebo_ws/install/dirigible_control/lib/python3.10/site-packages:${PYTHONPATH} /usr/bin/python3 -W ignore:setup.py install is deprecated -W ignore:easy_install command is deprecated setup.py egg_info --egg-base ../../build/dirigible_control build --build-base /home/ros2/ros2_gazebo_ws/build/dirigible_control/build install --record /home/ros2/ros2_gazebo_ws/build/dirigible_control/install.log --single-version-externally-managed install_data
[7.429s] DEBUG:colcon.colcon_core.event_handler.log_command:Invoked command in '/home/ros2/ros2_gazebo_ws/src/dirigible_control' returned '0': PYTHONPATH=/home/ros2/ros2_gazebo_ws/build/dirigible_control/prefix_override:/usr/lib/python3/dist-packages/colcon_core/task/python/colcon_distutils_commands:/home/ros2/ros2_gazebo_ws/install/dirigible_control/lib/python3.10/site-packages:${PYTHONPATH} /usr/bin/python3 -W ignore:setup.py install is deprecated -W ignore:easy_install command is deprecated setup.py egg_info --egg-base ../../build/dirigible_control build --build-base /home/ros2/ros2_gazebo_ws/build/dirigible_control/build install --record /home/ros2/ros2_gazebo_ws/build/dirigible_control/install.log --single-version-externally-managed install_data
[7.443s] Level 1:colcon.colcon_core.environment:checking '/home/ros2/ros2_gazebo_ws/install/dirigible_control' for CMake module files
[7.444s] Level 1:colcon.colcon_core.environment:checking '/home/ros2/ros2_gazebo_ws/install/dirigible_control' for CMake config files
[7.453s] Level 1:colcon.colcon_core.environment:checking '/home/ros2/ros2_gazebo_ws/install/dirigible_control/lib'
[7.455s] Level 1:colcon.colcon_core.environment:checking '/home/ros2/ros2_gazebo_ws/install/dirigible_control/bin'
[7.456s] Level 1:colcon.colcon_core.environment:checking '/home/ros2/ros2_gazebo_ws/install/dirigible_control/lib/pkgconfig/dirigible_control.pc'
[7.457s] Level 1:colcon.colcon_core.environment:checking '/home/ros2/ros2_gazebo_ws/install/dirigible_control/lib/python3.10/site-packages'
[7.458s] Level 1:colcon.colcon_core.shell:create_environment_hook('dirigible_control', 'pythonpath')
[7.460s] INFO:colcon.colcon_core.shell:Creating environment hook '/home/ros2/ros2_gazebo_ws/install/dirigible_control/share/dirigible_control/hook/pythonpath.ps1'
[7.463s] INFO:colcon.colcon_core.shell:Creating environment descriptor '/home/ros2/ros2_gazebo_ws/install/dirigible_control/share/dirigible_control/hook/pythonpath.dsv'
[7.465s] INFO:colcon.colcon_core.shell:Creating environment hook '/home/ros2/ros2_gazebo_ws/install/dirigible_control/share/dirigible_control/hook/pythonpath.sh'
[7.468s] Level 1:colcon.colcon_core.environment:checking '/home/ros2/ros2_gazebo_ws/install/dirigible_control/bin'
[7.468s] Level 1:colcon.colcon_core.environment:create_environment_scripts_only(dirigible_control)
[7.472s] INFO:colcon.colcon_core.shell:Creating package script '/home/ros2/ros2_gazebo_ws/install/dirigible_control/share/dirigible_control/package.ps1'
[7.477s] INFO:colcon.colcon_core.shell:Creating package descriptor '/home/ros2/ros2_gazebo_ws/install/dirigible_control/share/dirigible_control/package.dsv'
[7.479s] INFO:colcon.colcon_core.shell:Creating package script '/home/ros2/ros2_gazebo_ws/install/dirigible_control/share/dirigible_control/package.sh'
[7.481s] INFO:colcon.colcon_core.shell:Creating package script '/home/ros2/ros2_gazebo_ws/install/dirigible_control/share/dirigible_control/package.bash'
[7.484s] INFO:colcon.colcon_core.shell:Creating package script '/home/ros2/ros2_gazebo_ws/install/dirigible_control/share/dirigible_control/package.zsh'
[7.487s] Level 1:colcon.colcon_core.environment:create_file_with_runtime_dependencies(/home/ros2/ros2_gazebo_ws/install/dirigible_control/share/colcon-core/packages/dirigible_control)
[7.489s] DEBUG:colcon.colcon_ros_domain_id_coordinator.shell.ros_domain_id:Released ROS_DOMAIN_ID=15 for '/home/ros2/ros2_gazebo_ws/build/dirigible_control'
[7.491s] DEBUG:colcon.colcon_parallel_executor.executor.parallel:closing loop
[7.492s] DEBUG:colcon.colcon_parallel_executor.executor.parallel:loop closed
[7.493s] DEBUG:colcon.colcon_parallel_executor.executor.parallel:run_until_complete finished with '0'
[7.493s] DEBUG:colcon.colcon_core.event_reactor:joining thread
[7.603s] INFO:colcon.colcon_core.plugin_system:Skipping extension 'colcon_notification.desktop_notification.notify_send': Could not find 'notify-send'
[7.604s] INFO:colcon.colcon_core.plugin_system:Skipping extension 'colcon_notification.desktop_notification.terminal_notifier': Not used on non-Darwin systems
[7.604s] INFO:colcon.colcon_core.plugin_system:Skipping extension 'colcon_notification.desktop_notification.win32': Not used on non-Windows systems
[7.604s] INFO:colcon.colcon_notification.desktop_notification:Sending desktop notification using 'notify2'
[7.614s] DEBUG:colcon.colcon_notification.desktop_notification.notify2:Failed to initialize notify2: org.freedesktop.DBus.Error.ServiceUnknown: The name org.freedesktop.Notifications was not provided by any .service files
[7.614s] DEBUG:colcon.colcon_core.event_reactor:joined thread
[7.615s] INFO:colcon.colcon_core.shell:Creating prefix script '/home/ros2/ros2_gazebo_ws/install/local_setup.ps1'
[7.620s] INFO:colcon.colcon_core.shell:Creating prefix util module '/home/ros2/ros2_gazebo_ws/install/_local_setup_util_ps1.py'
[7.630s] INFO:colcon.colcon_core.shell:Creating prefix chain script '/home/ros2/ros2_gazebo_ws/install/setup.ps1'
[7.635s] INFO:colcon.colcon_core.shell:Creating prefix script '/home/ros2/ros2_gazebo_ws/install/local_setup.sh'
[7.639s] INFO:colcon.colcon_core.shell:Creating prefix util module '/home/ros2/ros2_gazebo_ws/install/_local_setup_util_sh.py'
[7.643s] INFO:colcon.colcon_core.shell:Creating prefix chain script '/home/ros2/ros2_gazebo_ws/install/setup.sh'
[7.648s] INFO:colcon.colcon_core.shell:Creating prefix script '/home/ros2/ros2_gazebo_ws/install/local_setup.bash'
[7.654s] INFO:colcon.colcon_core.shell:Creating prefix chain script '/home/ros2/ros2_gazebo_ws/install/setup.bash'
[7.662s] INFO:colcon.colcon_core.shell:Creating prefix script '/home/ros2/ros2_gazebo_ws/install/local_setup.zsh'
[7.665s] INFO:colcon.colcon_core.shell:Creating prefix chain script '/home/ros2/ros2_gazebo_ws/install/setup.zsh'
[7.670s] INFO:colcon.colcon_core.shell:Creating '/home/ros2/ros2_gazebo_ws/install/spawn_shell.bash'
