[0.691s] Invoking command in '/home/ros2/ros2_gazebo_ws/src/dirigible_control': PYTHONPATH=/home/ros2/ros2_gazebo_ws/build/dirigible_control/prefix_override:/usr/lib/python3/dist-packages/colcon_core/task/python/colcon_distutils_commands:/home/ros2/ros2_gazebo_ws/install/dirigible_control/lib/python3.10/site-packages:${PYTHONPATH} /usr/bin/python3 -W ignore:setup.py install is deprecated -W ignore:easy_install command is deprecated setup.py egg_info --egg-base ../../build/dirigible_control build --build-base /home/ros2/ros2_gazebo_ws/build/dirigible_control/build install --record /home/ros2/ros2_gazebo_ws/build/dirigible_control/install.log --single-version-externally-managed install_data
[0.930s] running egg_info
[0.931s] writing ../../build/dirigible_control/dirigible_control.egg-info/PKG-INFO
[0.932s] writing dependency_links to ../../build/dirigible_control/dirigible_control.egg-info/dependency_links.txt
[0.932s] writing entry points to ../../build/dirigible_control/dirigible_control.egg-info/entry_points.txt
[0.932s] writing requirements to ../../build/dirigible_control/dirigible_control.egg-info/requires.txt
[0.933s] writing top-level names to ../../build/dirigible_control/dirigible_control.egg-info/top_level.txt
[0.935s] reading manifest file '../../build/dirigible_control/dirigible_control.egg-info/SOURCES.txt'
[0.936s] writing manifest file '../../build/dirigible_control/dirigible_control.egg-info/SOURCES.txt'
[0.936s] running build
[0.936s] running build_py
[0.937s] running install
[0.937s] running install_lib
[0.938s] running install_data
[0.939s] copying launch/dirigible.launch.py -> /home/ros2/ros2_gazebo_ws/install/dirigible_control/share/dirigible_control/launch
[0.939s] copying worlds/yosemite.world -> /home/ros2/ros2_gazebo_ws/install/dirigible_control/share/dirigible_control/worlds
[0.939s] running install_egg_info
[0.941s] removing '/home/ros2/ros2_gazebo_ws/install/dirigible_control/lib/python3.10/site-packages/dirigible_control-0.0.0-py3.10.egg-info' (and everything under it)
[0.941s] Copying ../../build/dirigible_control/dirigible_control.egg-info to /home/ros2/ros2_gazebo_ws/install/dirigible_control/lib/python3.10/site-packages/dirigible_control-0.0.0-py3.10.egg-info
[0.942s] running install_scripts
[0.962s] Installing dirigible_controller script to /home/ros2/ros2_gazebo_ws/install/dirigible_control/lib/dirigible_control
[0.962s] writing list of installed files to '/home/ros2/ros2_gazebo_ws/build/dirigible_control/install.log'
[0.991s] Invoked command in '/home/ros2/ros2_gazebo_ws/src/dirigible_control' returned '0': PYTHONPATH=/home/ros2/ros2_gazebo_ws/build/dirigible_control/prefix_override:/usr/lib/python3/dist-packages/colcon_core/task/python/colcon_distutils_commands:/home/ros2/ros2_gazebo_ws/install/dirigible_control/lib/python3.10/site-packages:${PYTHONPATH} /usr/bin/python3 -W ignore:setup.py install is deprecated -W ignore:easy_install command is deprecated setup.py egg_info --egg-base ../../build/dirigible_control build --build-base /home/ros2/ros2_gazebo_ws/build/dirigible_control/build install --record /home/ros2/ros2_gazebo_ws/build/dirigible_control/install.log --single-version-externally-managed install_data
