[0.994s] Invoking command in '/home/ros2/ros2_gazebo_ws/src/dirigible_control': PYTHONPATH=/home/ros2/ros2_gazebo_ws/build/dirigible_control/prefix_override:/usr/lib/python3/dist-packages/colcon_core/task/python/colcon_distutils_commands:/home/ros2/ros2_gazebo_ws/install/dirigible_control/lib/python3.10/site-packages:${PYTHONPATH} /usr/bin/python3 -W ignore:setup.py install is deprecated -W ignore:easy_install command is deprecated setup.py egg_info --egg-base ../../build/dirigible_control build --build-base /home/ros2/ros2_gazebo_ws/build/dirigible_control/build install --record /home/ros2/ros2_gazebo_ws/build/dirigible_control/install.log --single-version-externally-managed install_data
[1.250s] running egg_info
[1.250s] writing ../../build/dirigible_control/dirigible_control.egg-info/PKG-INFO
[1.252s] writing dependency_links to ../../build/dirigible_control/dirigible_control.egg-info/dependency_links.txt
[1.253s] writing entry points to ../../build/dirigible_control/dirigible_control.egg-info/entry_points.txt
[1.253s] writing requirements to ../../build/dirigible_control/dirigible_control.egg-info/requires.txt
[1.253s] writing top-level names to ../../build/dirigible_control/dirigible_control.egg-info/top_level.txt
[1.255s] reading manifest file '../../build/dirigible_control/dirigible_control.egg-info/SOURCES.txt'
[1.257s] writing manifest file '../../build/dirigible_control/dirigible_control.egg-info/SOURCES.txt'
[1.257s] running build
[1.257s] running build_py
[1.257s] running install
[1.257s] running install_lib
[1.259s] running install_data
[1.259s] copying launch/dirigible.launch.py -> /home/ros2/ros2_gazebo_ws/install/dirigible_control/share/dirigible_control/launch
[1.259s] copying worlds/empty.world -> /home/ros2/ros2_gazebo_ws/install/dirigible_control/share/dirigible_control/worlds
[1.260s] copying worlds/dirigible_world.world -> /home/ros2/ros2_gazebo_ws/install/dirigible_control/share/dirigible_control/worlds
[1.261s] running install_egg_info
[1.263s] removing '/home/ros2/ros2_gazebo_ws/install/dirigible_control/lib/python3.10/site-packages/dirigible_control-0.0.0-py3.10.egg-info' (and everything under it)
[1.264s] Copying ../../build/dirigible_control/dirigible_control.egg-info to /home/ros2/ros2_gazebo_ws/install/dirigible_control/lib/python3.10/site-packages/dirigible_control-0.0.0-py3.10.egg-info
[1.267s] running install_scripts
[1.286s] Installing dirigible_controller script to /home/ros2/ros2_gazebo_ws/install/dirigible_control/lib/dirigible_control
[1.287s] writing list of installed files to '/home/ros2/ros2_gazebo_ws/build/dirigible_control/install.log'
[1.317s] Invoked command in '/home/ros2/ros2_gazebo_ws/src/dirigible_control' returned '0': PYTHONPATH=/home/ros2/ros2_gazebo_ws/build/dirigible_control/prefix_override:/usr/lib/python3/dist-packages/colcon_core/task/python/colcon_distutils_commands:/home/ros2/ros2_gazebo_ws/install/dirigible_control/lib/python3.10/site-packages:${PYTHONPATH} /usr/bin/python3 -W ignore:setup.py install is deprecated -W ignore:easy_install command is deprecated setup.py egg_info --egg-base ../../build/dirigible_control build --build-base /home/ros2/ros2_gazebo_ws/build/dirigible_control/build install --record /home/ros2/ros2_gazebo_ws/build/dirigible_control/install.log --single-version-externally-managed install_data
