running egg_info
creating ../build/dirigible_control/dirigible_control.egg-info
writing ../build/dirigible_control/dirigible_control.egg-info/PKG-INFO
writing dependency_links to ../build/dirigible_control/dirigible_control.egg-info/dependency_links.txt
writing entry points to ../build/dirigible_control/dirigible_control.egg-info/entry_points.txt
writing requirements to ../build/dirigible_control/dirigible_control.egg-info/requires.txt
writing top-level names to ../build/dirigible_control/dirigible_control.egg-info/top_level.txt
writing manifest file '../build/dirigible_control/dirigible_control.egg-info/SOURCES.txt'
reading manifest file '../build/dirigible_control/dirigible_control.egg-info/SOURCES.txt'
writing manifest file '../build/dirigible_control/dirigible_control.egg-info/SOURCES.txt'
running build
running build_py
creating /home/ros2/ros2_gazebo_ws/src/build/dirigible_control/build
creating /home/ros2/ros2_gazebo_ws/src/build/dirigible_control/build/lib
creating /home/ros2/ros2_gazebo_ws/src/build/dirigible_control/build/lib/dirigible_control
copying dirigible_control/__init__.py -> /home/ros2/ros2_gazebo_ws/src/build/dirigible_control/build/lib/dirigible_control
copying dirigible_control/dirigible_controller.py -> /home/ros2/ros2_gazebo_ws/src/build/dirigible_control/build/lib/dirigible_control
running install
running install_lib
creating /home/ros2/ros2_gazebo_ws/src/install/dirigible_control/lib/python3.10/site-packages/dirigible_control
copying /home/ros2/ros2_gazebo_ws/src/build/dirigible_control/build/lib/dirigible_control/__init__.py -> /home/ros2/ros2_gazebo_ws/src/install/dirigible_control/lib/python3.10/site-packages/dirigible_control
copying /home/ros2/ros2_gazebo_ws/src/build/dirigible_control/build/lib/dirigible_control/dirigible_controller.py -> /home/ros2/ros2_gazebo_ws/src/install/dirigible_control/lib/python3.10/site-packages/dirigible_control
byte-compiling /home/ros2/ros2_gazebo_ws/src/install/dirigible_control/lib/python3.10/site-packages/dirigible_control/__init__.py to __init__.cpython-310.pyc
byte-compiling /home/ros2/ros2_gazebo_ws/src/install/dirigible_control/lib/python3.10/site-packages/dirigible_control/dirigible_controller.py to dirigible_controller.cpython-310.pyc
running install_data
creating /home/ros2/ros2_gazebo_ws/src/install/dirigible_control/share/ament_index
creating /home/ros2/ros2_gazebo_ws/src/install/dirigible_control/share/ament_index/resource_index
creating /home/ros2/ros2_gazebo_ws/src/install/dirigible_control/share/ament_index/resource_index/packages
copying resource/dirigible_control -> /home/ros2/ros2_gazebo_ws/src/install/dirigible_control/share/ament_index/resource_index/packages
copying package.xml -> /home/ros2/ros2_gazebo_ws/src/install/dirigible_control/share/dirigible_control
creating /home/ros2/ros2_gazebo_ws/src/install/dirigible_control/share/dirigible_control/launch
copying launch/dirigible.launch.py -> /home/ros2/ros2_gazebo_ws/src/install/dirigible_control/share/dirigible_control/launch
creating /home/ros2/ros2_gazebo_ws/src/install/dirigible_control/share/dirigible_control/worlds
copying worlds/empty.world -> /home/ros2/ros2_gazebo_ws/src/install/dirigible_control/share/dirigible_control/worlds
copying worlds/dirigible_world.world -> /home/ros2/ros2_gazebo_ws/src/install/dirigible_control/share/dirigible_control/worlds
copying worlds/basic.world -> /home/ros2/ros2_gazebo_ws/src/install/dirigible_control/share/dirigible_control/worlds
creating /home/ros2/ros2_gazebo_ws/src/install/dirigible_control/share/dirigible_control/models
running install_egg_info
Copying ../build/dirigible_control/dirigible_control.egg-info to /home/ros2/ros2_gazebo_ws/src/install/dirigible_control/lib/python3.10/site-packages/dirigible_control-0.0.0-py3.10.egg-info
running install_scripts
Installing dirigible_controller script to /home/ros2/ros2_gazebo_ws/src/install/dirigible_control/lib/dirigible_control
writing list of installed files to '/home/ros2/ros2_gazebo_ws/src/build/dirigible_control/install.log'
