[0.912s] Invoking command in '/home/ros2/ros2_gazebo_ws/src/dirigible_control': PYTHONPATH=/home/ros2/ros2_gazebo_ws/src/build/dirigible_control/prefix_override:/usr/lib/python3/dist-packages/colcon_core/task/python/colcon_distutils_commands:/home/ros2/ros2_gazebo_ws/src/install/dirigible_control/lib/python3.10/site-packages:${PYTHONPATH} /usr/bin/python3 -W ignore:setup.py install is deprecated -W ignore:easy_install command is deprecated setup.py egg_info --egg-base ../build/dirigible_control build --build-base /home/ros2/ros2_gazebo_ws/src/build/dirigible_control/build install --record /home/ros2/ros2_gazebo_ws/src/build/dirigible_control/install.log --single-version-externally-managed install_data
[1.195s] running egg_info
[1.196s] creating ../build/dirigible_control/dirigible_control.egg-info
[1.197s] writing ../build/dirigible_control/dirigible_control.egg-info/PKG-INFO
[1.197s] writing dependency_links to ../build/dirigible_control/dirigible_control.egg-info/dependency_links.txt
[1.197s] writing entry points to ../build/dirigible_control/dirigible_control.egg-info/entry_points.txt
[1.198s] writing requirements to ../build/dirigible_control/dirigible_control.egg-info/requires.txt
[1.198s] writing top-level names to ../build/dirigible_control/dirigible_control.egg-info/top_level.txt
[1.198s] writing manifest file '../build/dirigible_control/dirigible_control.egg-info/SOURCES.txt'
[1.200s] reading manifest file '../build/dirigible_control/dirigible_control.egg-info/SOURCES.txt'
[1.201s] writing manifest file '../build/dirigible_control/dirigible_control.egg-info/SOURCES.txt'
[1.202s] running build
[1.202s] running build_py
[1.202s] creating /home/ros2/ros2_gazebo_ws/src/build/dirigible_control/build
[1.202s] creating /home/ros2/ros2_gazebo_ws/src/build/dirigible_control/build/lib
[1.203s] creating /home/ros2/ros2_gazebo_ws/src/build/dirigible_control/build/lib/dirigible_control
[1.203s] copying dirigible_control/__init__.py -> /home/ros2/ros2_gazebo_ws/src/build/dirigible_control/build/lib/dirigible_control
[1.204s] copying dirigible_control/dirigible_controller.py -> /home/ros2/ros2_gazebo_ws/src/build/dirigible_control/build/lib/dirigible_control
[1.204s] running install
[1.204s] running install_lib
[1.205s] creating /home/ros2/ros2_gazebo_ws/src/install/dirigible_control/lib/python3.10/site-packages/dirigible_control
[1.206s] copying /home/ros2/ros2_gazebo_ws/src/build/dirigible_control/build/lib/dirigible_control/__init__.py -> /home/ros2/ros2_gazebo_ws/src/install/dirigible_control/lib/python3.10/site-packages/dirigible_control
[1.206s] copying /home/ros2/ros2_gazebo_ws/src/build/dirigible_control/build/lib/dirigible_control/dirigible_controller.py -> /home/ros2/ros2_gazebo_ws/src/install/dirigible_control/lib/python3.10/site-packages/dirigible_control
[1.207s] byte-compiling /home/ros2/ros2_gazebo_ws/src/install/dirigible_control/lib/python3.10/site-packages/dirigible_control/__init__.py to __init__.cpython-310.pyc
[1.207s] byte-compiling /home/ros2/ros2_gazebo_ws/src/install/dirigible_control/lib/python3.10/site-packages/dirigible_control/dirigible_controller.py to dirigible_controller.cpython-310.pyc
[1.208s] running install_data
[1.208s] creating /home/ros2/ros2_gazebo_ws/src/install/dirigible_control/share/ament_index
[1.209s] creating /home/ros2/ros2_gazebo_ws/src/install/dirigible_control/share/ament_index/resource_index
[1.209s] creating /home/ros2/ros2_gazebo_ws/src/install/dirigible_control/share/ament_index/resource_index/packages
[1.210s] copying resource/dirigible_control -> /home/ros2/ros2_gazebo_ws/src/install/dirigible_control/share/ament_index/resource_index/packages
[1.210s] copying package.xml -> /home/ros2/ros2_gazebo_ws/src/install/dirigible_control/share/dirigible_control
[1.210s] creating /home/ros2/ros2_gazebo_ws/src/install/dirigible_control/share/dirigible_control/launch
[1.211s] copying launch/dirigible.launch.py -> /home/ros2/ros2_gazebo_ws/src/install/dirigible_control/share/dirigible_control/launch
[1.211s] creating /home/ros2/ros2_gazebo_ws/src/install/dirigible_control/share/dirigible_control/worlds
[1.211s] copying worlds/empty.world -> /home/ros2/ros2_gazebo_ws/src/install/dirigible_control/share/dirigible_control/worlds
[1.212s] copying worlds/dirigible_world.world -> /home/ros2/ros2_gazebo_ws/src/install/dirigible_control/share/dirigible_control/worlds
[1.212s] copying worlds/basic.world -> /home/ros2/ros2_gazebo_ws/src/install/dirigible_control/share/dirigible_control/worlds
[1.212s] creating /home/ros2/ros2_gazebo_ws/src/install/dirigible_control/share/dirigible_control/models
[1.213s] running install_egg_info
[1.215s] Copying ../build/dirigible_control/dirigible_control.egg-info to /home/ros2/ros2_gazebo_ws/src/install/dirigible_control/lib/python3.10/site-packages/dirigible_control-0.0.0-py3.10.egg-info
[1.217s] running install_scripts
[1.241s] Installing dirigible_controller script to /home/ros2/ros2_gazebo_ws/src/install/dirigible_control/lib/dirigible_control
[1.242s] writing list of installed files to '/home/ros2/ros2_gazebo_ws/src/build/dirigible_control/install.log'
[1.286s] Invoked command in '/home/ros2/ros2_gazebo_ws/src/dirigible_control' returned '0': PYTHONPATH=/home/ros2/ros2_gazebo_ws/src/build/dirigible_control/prefix_override:/usr/lib/python3/dist-packages/colcon_core/task/python/colcon_distutils_commands:/home/ros2/ros2_gazebo_ws/src/install/dirigible_control/lib/python3.10/site-packages:${PYTHONPATH} /usr/bin/python3 -W ignore:setup.py install is deprecated -W ignore:easy_install command is deprecated setup.py egg_info --egg-base ../build/dirigible_control build --build-base /home/ros2/ros2_gazebo_ws/src/build/dirigible_control/build install --record /home/ros2/ros2_gazebo_ws/src/build/dirigible_control/install.log --single-version-externally-managed install_data
