[2.764s] Invoking command in '/home/ros2/ros2_gazebo_ws/src/dirigible_control': PYTHONPATH=/home/ros2/ros2_gazebo_ws/build/dirigible_control/prefix_override:/usr/lib/python3/dist-packages/colcon_core/task/python/colcon_distutils_commands:/home/ros2/ros2_gazebo_ws/install/dirigible_control/lib/python3.10/site-packages:${PYTHONPATH} /usr/bin/python3 -W ignore:setup.py install is deprecated -W ignore:easy_install command is deprecated setup.py egg_info --egg-base ../../build/dirigible_control build --build-base /home/ros2/ros2_gazebo_ws/build/dirigible_control/build install --record /home/ros2/ros2_gazebo_ws/build/dirigible_control/install.log --single-version-externally-managed install_data
[4.133s] running egg_info
[4.134s] writing ../../build/dirigible_control/dirigible_control.egg-info/PKG-INFO
[4.135s] writing dependency_links to ../../build/dirigible_control/dirigible_control.egg-info/dependency_links.txt
[4.135s] writing entry points to ../../build/dirigible_control/dirigible_control.egg-info/entry_points.txt
[4.136s] writing requirements to ../../build/dirigible_control/dirigible_control.egg-info/requires.txt
[4.136s] writing top-level names to ../../build/dirigible_control/dirigible_control.egg-info/top_level.txt
[4.145s] reading manifest file '../../build/dirigible_control/dirigible_control.egg-info/SOURCES.txt'
[4.153s] writing manifest file '../../build/dirigible_control/dirigible_control.egg-info/SOURCES.txt'
[4.153s] running build
[4.153s] running build_py
[4.160s] running install
[4.160s] running install_lib
[4.162s] running install_data
[4.163s] running install_egg_info
[4.175s] removing '/home/ros2/ros2_gazebo_ws/install/dirigible_control/lib/python3.10/site-packages/dirigible_control-0.0.0-py3.10.egg-info' (and everything under it)
[4.181s] Copying ../../build/dirigible_control/dirigible_control.egg-info to /home/ros2/ros2_gazebo_ws/install/dirigible_control/lib/python3.10/site-packages/dirigible_control-0.0.0-py3.10.egg-info
[4.185s] running install_scripts
[4.286s] Installing dirigible_controller script to /home/ros2/ros2_gazebo_ws/install/dirigible_control/lib/dirigible_control
[4.293s] writing list of installed files to '/home/ros2/ros2_gazebo_ws/build/dirigible_control/install.log'
[4.459s] Invoked command in '/home/ros2/ros2_gazebo_ws/src/dirigible_control' returned '0': PYTHONPATH=/home/ros2/ros2_gazebo_ws/build/dirigible_control/prefix_override:/usr/lib/python3/dist-packages/colcon_core/task/python/colcon_distutils_commands:/home/ros2/ros2_gazebo_ws/install/dirigible_control/lib/python3.10/site-packages:${PYTHONPATH} /usr/bin/python3 -W ignore:setup.py install is deprecated -W ignore:easy_install command is deprecated setup.py egg_info --egg-base ../../build/dirigible_control build --build-base /home/ros2/ros2_gazebo_ws/build/dirigible_control/build install --record /home/ros2/ros2_gazebo_ws/build/dirigible_control/install.log --single-version-externally-managed install_data
