[3.248s] Invoking command in '/home/ros2/ros2_gazebo_ws/src/dirigible_control': PYTHONPATH=/home/ros2/ros2_gazebo_ws/build/dirigible_control/prefix_override:/usr/lib/python3/dist-packages/colcon_core/task/python/colcon_distutils_commands:/home/ros2/ros2_gazebo_ws/install/dirigible_control/lib/python3.10/site-packages:${PYTHONPATH} /usr/bin/python3 -W ignore:setup.py install is deprecated -W ignore:easy_install command is deprecated setup.py egg_info --egg-base ../../build/dirigible_control build --build-base /home/ros2/ros2_gazebo_ws/build/dirigible_control/build install --record /home/ros2/ros2_gazebo_ws/build/dirigible_control/install.log --single-version-externally-managed install_data
[4.194s] running egg_info
[4.201s] writing ../../build/dirigible_control/dirigible_control.egg-info/PKG-INFO
[4.201s] writing dependency_links to ../../build/dirigible_control/dirigible_control.egg-info/dependency_links.txt
[4.201s] writing entry points to ../../build/dirigible_control/dirigible_control.egg-info/entry_points.txt
[4.201s] writing requirements to ../../build/dirigible_control/dirigible_control.egg-info/requires.txt
[4.202s] writing top-level names to ../../build/dirigible_control/dirigible_control.egg-info/top_level.txt
[4.208s] reading manifest file '../../build/dirigible_control/dirigible_control.egg-info/SOURCES.txt'
[4.210s] writing manifest file '../../build/dirigible_control/dirigible_control.egg-info/SOURCES.txt'
[4.210s] running build
[4.211s] running build_py
[4.214s] running install
[4.214s] running install_lib
[4.216s] running install_data
[4.216s] running install_egg_info
[4.224s] removing '/home/ros2/ros2_gazebo_ws/install/dirigible_control/lib/python3.10/site-packages/dirigible_control-0.0.0-py3.10.egg-info' (and everything under it)
[4.224s] Copying ../../build/dirigible_control/dirigible_control.egg-info to /home/ros2/ros2_gazebo_ws/install/dirigible_control/lib/python3.10/site-packages/dirigible_control-0.0.0-py3.10.egg-info
[4.230s] running install_scripts
[4.296s] Installing dirigible_controller script to /home/ros2/ros2_gazebo_ws/install/dirigible_control/lib/dirigible_control
[4.296s] writing list of installed files to '/home/ros2/ros2_gazebo_ws/build/dirigible_control/install.log'
[4.503s] Invoked command in '/home/ros2/ros2_gazebo_ws/src/dirigible_control' returned '0': PYTHONPATH=/home/ros2/ros2_gazebo_ws/build/dirigible_control/prefix_override:/usr/lib/python3/dist-packages/colcon_core/task/python/colcon_distutils_commands:/home/ros2/ros2_gazebo_ws/install/dirigible_control/lib/python3.10/site-packages:${PYTHONPATH} /usr/bin/python3 -W ignore:setup.py install is deprecated -W ignore:easy_install command is deprecated setup.py egg_info --egg-base ../../build/dirigible_control build --build-base /home/ros2/ros2_gazebo_ws/build/dirigible_control/build install --record /home/ros2/ros2_gazebo_ws/build/dirigible_control/install.log --single-version-externally-managed install_data
