[2.377s] Invoking command in '/home/ros2/ros2_gazebo_ws/src/dirigible_control': PYTHONPATH=/home/ros2/ros2_gazebo_ws/build/dirigible_control/prefix_override:/usr/lib/python3/dist-packages/colcon_core/task/python/colcon_distutils_commands:/home/ros2/ros2_gazebo_ws/install/dirigible_control/lib/python3.10/site-packages:${PYTHONPATH} /usr/bin/python3 -W ignore:setup.py install is deprecated -W ignore:easy_install command is deprecated setup.py egg_info --egg-base ../../build/dirigible_control build --build-base /home/ros2/ros2_gazebo_ws/build/dirigible_control/build install --record /home/ros2/ros2_gazebo_ws/build/dirigible_control/install.log --single-version-externally-managed install_data
[3.334s] running egg_info
[3.336s] writing ../../build/dirigible_control/dirigible_control.egg-info/PKG-INFO
[3.336s] writing dependency_links to ../../build/dirigible_control/dirigible_control.egg-info/dependency_links.txt
[3.337s] writing entry points to ../../build/dirigible_control/dirigible_control.egg-info/entry_points.txt
[3.337s] writing requirements to ../../build/dirigible_control/dirigible_control.egg-info/requires.txt
[3.337s] writing top-level names to ../../build/dirigible_control/dirigible_control.egg-info/top_level.txt
[3.342s] reading manifest file '../../build/dirigible_control/dirigible_control.egg-info/SOURCES.txt'
[3.345s] writing manifest file '../../build/dirigible_control/dirigible_control.egg-info/SOURCES.txt'
[3.346s] running build
[3.346s] running build_py
[3.348s] running install
[3.349s] running install_lib
[3.356s] running install_data
[3.356s] copying launch/dirigible.launch.py -> /home/ros2/ros2_gazebo_ws/install/dirigible_control/share/dirigible_control/launch
[3.360s] copying worlds/dirigible_world.world -> /home/ros2/ros2_gazebo_ws/install/dirigible_control/share/dirigible_control/worlds
[3.360s] running install_egg_info
[3.367s] removing '/home/ros2/ros2_gazebo_ws/install/dirigible_control/lib/python3.10/site-packages/dirigible_control-0.0.0-py3.10.egg-info' (and everything under it)
[3.372s] Copying ../../build/dirigible_control/dirigible_control.egg-info to /home/ros2/ros2_gazebo_ws/install/dirigible_control/lib/python3.10/site-packages/dirigible_control-0.0.0-py3.10.egg-info
[3.379s] running install_scripts
[3.436s] Installing dirigible_controller script to /home/ros2/ros2_gazebo_ws/install/dirigible_control/lib/dirigible_control
[3.437s] writing list of installed files to '/home/ros2/ros2_gazebo_ws/build/dirigible_control/install.log'
[3.578s] Invoked command in '/home/ros2/ros2_gazebo_ws/src/dirigible_control' returned '0': PYTHONPATH=/home/ros2/ros2_gazebo_ws/build/dirigible_control/prefix_override:/usr/lib/python3/dist-packages/colcon_core/task/python/colcon_distutils_commands:/home/ros2/ros2_gazebo_ws/install/dirigible_control/lib/python3.10/site-packages:${PYTHONPATH} /usr/bin/python3 -W ignore:setup.py install is deprecated -W ignore:easy_install command is deprecated setup.py egg_info --egg-base ../../build/dirigible_control build --build-base /home/ros2/ros2_gazebo_ws/build/dirigible_control/build install --record /home/ros2/ros2_gazebo_ws/build/dirigible_control/install.log --single-version-externally-managed install_data
