[1.816s] Invoking command in '/home/ros2/ros2_gazebo_ws/src/gym-airship': PYTHONPATH=/home/ros2/ros2_gazebo_ws/build/gym-airship/prefix_override:/usr/lib/python3/dist-packages/colcon_core/task/python/colcon_distutils_commands:/home/ros2/ros2_gazebo_ws/install/gym-airship/lib/python3.10/site-packages:${PYTHONPATH} /usr/bin/python3 -W ignore:setup.py install is deprecated -W ignore:easy_install command is deprecated setup.py egg_info --egg-base ../../build/gym-airship build --build-base /home/ros2/ros2_gazebo_ws/build/gym-airship/build install --record /home/ros2/ros2_gazebo_ws/build/gym-airship/install.log --single-version-externally-managed install_data
[2.337s] running egg_info
[2.339s] writing ../../build/gym-airship/gym_airship.egg-info/PKG-INFO
[2.340s] writing dependency_links to ../../build/gym-airship/gym_airship.egg-info/dependency_links.txt
[2.341s] writing entry points to ../../build/gym-airship/gym_airship.egg-info/entry_points.txt
[2.341s] writing requirements to ../../build/gym-airship/gym_airship.egg-info/requires.txt
[2.342s] writing top-level names to ../../build/gym-airship/gym_airship.egg-info/top_level.txt
[2.346s] reading manifest file '../../build/gym-airship/gym_airship.egg-info/SOURCES.txt'
[2.347s] adding license file 'LICENSE'
[2.348s] writing manifest file '../../build/gym-airship/gym_airship.egg-info/SOURCES.txt'
[2.349s] running build
[2.349s] running build_py
[2.350s] running install
[2.351s] running install_lib
[2.354s] running install_data
[2.354s] running install_egg_info
[2.358s] removing '/home/ros2/ros2_gazebo_ws/install/gym-airship/lib/python3.10/site-packages/gym_airship-0.0.1-py3.10.egg-info' (and everything under it)
[2.358s] Copying ../../build/gym-airship/gym_airship.egg-info to /home/ros2/ros2_gazebo_ws/install/gym-airship/lib/python3.10/site-packages/gym_airship-0.0.1-py3.10.egg-info
[2.361s] running install_scripts
[2.402s] Installing airship_landing_env script to /home/ros2/ros2_gazebo_ws/install/gym-airship/lib/gym-airship
[2.405s] writing list of installed files to '/home/ros2/ros2_gazebo_ws/build/gym-airship/install.log'
[2.471s] Invoked command in '/home/ros2/ros2_gazebo_ws/src/gym-airship' returned '0': PYTHONPATH=/home/ros2/ros2_gazebo_ws/build/gym-airship/prefix_override:/usr/lib/python3/dist-packages/colcon_core/task/python/colcon_distutils_commands:/home/ros2/ros2_gazebo_ws/install/gym-airship/lib/python3.10/site-packages:${PYTHONPATH} /usr/bin/python3 -W ignore:setup.py install is deprecated -W ignore:easy_install command is deprecated setup.py egg_info --egg-base ../../build/gym-airship build --build-base /home/ros2/ros2_gazebo_ws/build/gym-airship/build install --record /home/ros2/ros2_gazebo_ws/build/gym-airship/install.log --single-version-externally-managed install_data
